This is pdfTeX, Version 3.141592653-2.6-1.40.26 (MiKTeX 24.4) (preloaded format=pdflatex 2024.12.9)  9 DEC 2024 21:13
entering extended mode
 restricted \write18 enabled.
 file:line:error style messages enabled.
 %&-line parsing enabled.
**d:/GitHub/PWS-latex/full.tex
(d:/GitHub/PWS-latex/full.tex
LaTeX2e <2024-11-01>
L3 programming layer <2024-11-02>
(C:\Users\joost\AppData\Local\Programs\MiKTeX\tex/latex/base\article.cls
Document Class: article 2024/06/29 v1.4n Standard LaTeX document class
(C:\Users\joost\AppData\Local\Programs\MiKTeX\tex/latex/base\size12.clo
File: size12.clo 2024/06/29 v1.4n Standard LaTeX file (size option)
)
\c@part=\count196
\c@section=\count197
\c@subsection=\count198
\c@subsubsection=\count199
\c@paragraph=\count266
\c@subparagraph=\count267
\c@figure=\count268
\c@table=\count269
\abovecaptionskip=\skip49
\belowcaptionskip=\skip50
\bibindent=\dimen141
) (C:\Users\joost\AppData\Local\Programs\MiKTeX\tex/latex/graphics\graphicx.sty
Package: graphicx 2021/09/16 v1.2d Enhanced LaTeX Graphics (DPC,SPQR)
 (C:\Users\joost\AppData\Local\Programs\MiKTeX\tex/latex/graphics\keyval.sty
Package: keyval 2022/05/29 v1.15 key=value parser (DPC)
\KV@toks@=\toks17
) (C:\Users\joost\AppData\Local\Programs\MiKTeX\tex/latex/graphics\graphics.sty
Package: graphics 2024/08/06 v1.4g Standard LaTeX Graphics (DPC,SPQR)
 (C:\Users\joost\AppData\Local\Programs\MiKTeX\tex/latex/graphics\trig.sty
Package: trig 2023/12/02 v1.11 sin cos tan (DPC)
) (C:\Users\joost\AppData\Local\Programs\MiKTeX\tex/latex/graphics-cfg\graphics.cfg
File: graphics.cfg 2016/06/04 v1.11 sample graphics configuration
)
Package graphics Info: Driver file: pdftex.def on input line 106.
 (C:\Users\joost\AppData\Local\Programs\MiKTeX\tex/latex/graphics-def\pdftex.def
File: pdftex.def 2024/04/13 v1.2c Graphics/color driver for pdftex
))
\Gin@req@height=\dimen142
\Gin@req@width=\dimen143
) (C:\Users\joost\AppData\Local\Programs\MiKTeX\tex/latex/titlesec\titlesec.sty
Package: titlesec 2023/10/27 v2.16 Sectioning titles
\ttl@box=\box52
\beforetitleunit=\skip51
\aftertitleunit=\skip52
\ttl@plus=\dimen144
\ttl@minus=\dimen145
\ttl@toksa=\toks18
\titlewidth=\dimen146
\titlewidthlast=\dimen147
\titlewidthfirst=\dimen148
) (C:\Users\joost\AppData\Local\Programs\MiKTeX\tex/latex/tocloft\tocloft.sty
Package: tocloft 2017/08/31 v2.3i parameterised ToC, etc., typesetting
Package tocloft Info: The document has section divisions on input line 51.
\cftparskip=\skip53
\cftbeforetoctitleskip=\skip54
\cftaftertoctitleskip=\skip55
\cftbeforepartskip=\skip56
\cftpartnumwidth=\skip57
\cftpartindent=\skip58
\cftbeforesecskip=\skip59
\cftsecindent=\skip60
\cftsecnumwidth=\skip61
\cftbeforesubsecskip=\skip62
\cftsubsecindent=\skip63
\cftsubsecnumwidth=\skip64
\cftbeforesubsubsecskip=\skip65
\cftsubsubsecindent=\skip66
\cftsubsubsecnumwidth=\skip67
\cftbeforeparaskip=\skip68
\cftparaindent=\skip69
\cftparanumwidth=\skip70
\cftbeforesubparaskip=\skip71
\cftsubparaindent=\skip72
\cftsubparanumwidth=\skip73
\cftbeforeloftitleskip=\skip74
\cftafterloftitleskip=\skip75
\cftbeforefigskip=\skip76
\cftfigindent=\skip77
\cftfignumwidth=\skip78
\c@lofdepth=\count270
\c@lotdepth=\count271
\cftbeforelottitleskip=\skip79
\cftafterlottitleskip=\skip80
\cftbeforetabskip=\skip81
\cfttabindent=\skip82
\cfttabnumwidth=\skip83
) (C:\Users\joost\AppData\Local\Programs\MiKTeX\tex/latex/geometry\geometry.sty
Package: geometry 2020/01/02 v5.9 Page Geometry
 (C:\Users\joost\AppData\Local\Programs\MiKTeX\tex/generic/iftex\ifvtex.sty
Package: ifvtex 2019/10/25 v1.7 ifvtex legacy package. Use iftex instead.
 (C:\Users\joost\AppData\Local\Programs\MiKTeX\tex/generic/iftex\iftex.sty
Package: iftex 2022/02/03 v1.0f TeX engine tests
))
\Gm@cnth=\count272
\Gm@cntv=\count273
\c@Gm@tempcnt=\count274
\Gm@bindingoffset=\dimen149
\Gm@wd@mp=\dimen150
\Gm@odd@mp=\dimen151
\Gm@even@mp=\dimen152
\Gm@layoutwidth=\dimen153
\Gm@layoutheight=\dimen154
\Gm@layouthoffset=\dimen155
\Gm@layoutvoffset=\dimen156
\Gm@dimlist=\toks19
 (C:\Users\joost\AppData\Local\Programs\MiKTeX\tex/latex/geometry\geometry.cfg)) (C:\Users\joost\AppData\Local\Programs\MiKTeX\tex/latex/pgf-pie\pgf-pie.sty
Package: pgf-pie 2022/06/14 v0.7 Some LaTeX macros for pie chart by using PGF/Tikz package.
 (C:\Users\joost\AppData\Local\Programs\MiKTeX\tex/latex/pgf/frontendlayer\tikz.sty (C:\Users\joost\AppData\Local\Programs\MiKTeX\tex/latex/pgf/basiclayer\pgf.sty (C:\Users\joost\AppData\Local\Programs\MiKTeX\tex/latex/pgf/utilities\pgfrcs.sty (C:\Users\joost\AppData\Local\Programs\MiKTeX\tex/generic/pgf/utilities\pgfutil-common.tex
\pgfutil@everybye=\toks20
\pgfutil@tempdima=\dimen157
\pgfutil@tempdimb=\dimen158
) (C:\Users\joost\AppData\Local\Programs\MiKTeX\tex/generic/pgf/utilities\pgfutil-latex.def
\pgfutil@abb=\box53
) (C:\Users\joost\AppData\Local\Programs\MiKTeX\tex/generic/pgf/utilities\pgfrcs.code.tex (C:\Users\joost\AppData\Local\Programs\MiKTeX\tex/generic/pgf\pgf.revision.tex)
Package: pgfrcs 2023-01-15 v3.1.10 (3.1.10)
))
Package: pgf 2023-01-15 v3.1.10 (3.1.10)
 (C:\Users\joost\AppData\Local\Programs\MiKTeX\tex/latex/pgf/basiclayer\pgfcore.sty (C:\Users\joost\AppData\Local\Programs\MiKTeX\tex/latex/pgf/systemlayer\pgfsys.sty (C:\Users\joost\AppData\Local\Programs\MiKTeX\tex/generic/pgf/systemlayer\pgfsys.code.tex
Package: pgfsys 2023-01-15 v3.1.10 (3.1.10)
 (C:\Users\joost\AppData\Local\Programs\MiKTeX\tex/generic/pgf/utilities\pgfkeys.code.tex
\pgfkeys@pathtoks=\toks21
\pgfkeys@temptoks=\toks22
 (C:\Users\joost\AppData\Local\Programs\MiKTeX\tex/generic/pgf/utilities\pgfkeyslibraryfiltered.code.tex
\pgfkeys@tmptoks=\toks23
))
\pgf@x=\dimen159
\pgf@y=\dimen160
\pgf@xa=\dimen161
\pgf@ya=\dimen162
\pgf@xb=\dimen163
\pgf@yb=\dimen164
\pgf@xc=\dimen165
\pgf@yc=\dimen166
\pgf@xd=\dimen167
\pgf@yd=\dimen168
\w@pgf@writea=\write3
\r@pgf@reada=\read2
\c@pgf@counta=\count275
\c@pgf@countb=\count276
\c@pgf@countc=\count277
\c@pgf@countd=\count278
\t@pgf@toka=\toks24
\t@pgf@tokb=\toks25
\t@pgf@tokc=\toks26
\pgf@sys@id@count=\count279
 (C:\Users\joost\AppData\Local\Programs\MiKTeX\tex/generic/pgf/systemlayer\pgf.cfg
File: pgf.cfg 2023-01-15 v3.1.10 (3.1.10)
)
Driver file for pgf: pgfsys-pdftex.def
 (C:\Users\joost\AppData\Local\Programs\MiKTeX\tex/generic/pgf/systemlayer\pgfsys-pdftex.def
File: pgfsys-pdftex.def 2023-01-15 v3.1.10 (3.1.10)
 (C:\Users\joost\AppData\Local\Programs\MiKTeX\tex/generic/pgf/systemlayer\pgfsys-common-pdf.def
File: pgfsys-common-pdf.def 2023-01-15 v3.1.10 (3.1.10)
))) (C:\Users\joost\AppData\Local\Programs\MiKTeX\tex/generic/pgf/systemlayer\pgfsyssoftpath.code.tex
File: pgfsyssoftpath.code.tex 2023-01-15 v3.1.10 (3.1.10)
\pgfsyssoftpath@smallbuffer@items=\count280
\pgfsyssoftpath@bigbuffer@items=\count281
) (C:\Users\joost\AppData\Local\Programs\MiKTeX\tex/generic/pgf/systemlayer\pgfsysprotocol.code.tex
File: pgfsysprotocol.code.tex 2023-01-15 v3.1.10 (3.1.10)
)) (C:\Users\joost\AppData\Local\Programs\MiKTeX\tex/latex/xcolor\xcolor.sty
Package: xcolor 2024/09/29 v3.02 LaTeX color extensions (UK)
 (C:\Users\joost\AppData\Local\Programs\MiKTeX\tex/latex/graphics-cfg\color.cfg
File: color.cfg 2016/01/02 v1.6 sample color configuration
)
Package xcolor Info: Driver file: pdftex.def on input line 274.
 (C:\Users\joost\AppData\Local\Programs\MiKTeX\tex/latex/graphics\mathcolor.ltx)
Package xcolor Info: Model `cmy' substituted by `cmy0' on input line 1349.
Package xcolor Info: Model `hsb' substituted by `rgb' on input line 1353.
Package xcolor Info: Model `RGB' extended on input line 1365.
Package xcolor Info: Model `HTML' substituted by `rgb' on input line 1367.
Package xcolor Info: Model `Hsb' substituted by `hsb' on input line 1368.
Package xcolor Info: Model `tHsb' substituted by `hsb' on input line 1369.
Package xcolor Info: Model `HSB' substituted by `hsb' on input line 1370.
Package xcolor Info: Model `Gray' substituted by `gray' on input line 1371.
Package xcolor Info: Model `wave' substituted by `hsb' on input line 1372.
) (C:\Users\joost\AppData\Local\Programs\MiKTeX\tex/generic/pgf/basiclayer\pgfcore.code.tex
Package: pgfcore 2023-01-15 v3.1.10 (3.1.10)
 (C:\Users\joost\AppData\Local\Programs\MiKTeX\tex/generic/pgf/math\pgfmath.code.tex (C:\Users\joost\AppData\Local\Programs\MiKTeX\tex/generic/pgf/math\pgfmathutil.code.tex) (C:\Users\joost\AppData\Local\Programs\MiKTeX\tex/generic/pgf/math\pgfmathparser.code.tex
\pgfmath@dimen=\dimen169
\pgfmath@count=\count282
\pgfmath@box=\box54
\pgfmath@toks=\toks27
\pgfmath@stack@operand=\toks28
\pgfmath@stack@operation=\toks29
) (C:\Users\joost\AppData\Local\Programs\MiKTeX\tex/generic/pgf/math\pgfmathfunctions.code.tex) (C:\Users\joost\AppData\Local\Programs\MiKTeX\tex/generic/pgf/math\pgfmathfunctions.basic.code.tex) (C:\Users\joost\AppData\Local\Programs\MiKTeX\tex/generic/pgf/math\pgfmathfunctions.trigonometric.code.tex) (C:\Users\joost\AppData\Local\Programs\MiKTeX\tex/generic/pgf/math\pgfmathfunctions.random.code.tex) (C:\Users\joost\AppData\Local\Programs\MiKTeX\tex/generic/pgf/math\pgfmathfunctions.comparison.code.tex) (C:\Users\joost\AppData\Local\Programs\MiKTeX\tex/generic/pgf/math\pgfmathfunctions.base.code.tex) (C:\Users\joost\AppData\Local\Programs\MiKTeX\tex/generic/pgf/math\pgfmathfunctions.round.code.tex) (C:\Users\joost\AppData\Local\Programs\MiKTeX\tex/generic/pgf/math\pgfmathfunctions.misc.code.tex) (C:\Users\joost\AppData\Local\Programs\MiKTeX\tex/generic/pgf/math\pgfmathfunctions.integerarithmetics.code.tex) (C:\Users\joost\AppData\Local\Programs\MiKTeX\tex/generic/pgf/math\pgfmathcalc.code.tex) (C:\Users\joost\AppData\Local\Programs\MiKTeX\tex/generic/pgf/math\pgfmathfloat.code.tex
\c@pgfmathroundto@lastzeros=\count283
)) (C:\Users\joost\AppData\Local\Programs\MiKTeX\tex/generic/pgf/math\pgfint.code.tex) (C:\Users\joost\AppData\Local\Programs\MiKTeX\tex/generic/pgf/basiclayer\pgfcorepoints.code.tex
File: pgfcorepoints.code.tex 2023-01-15 v3.1.10 (3.1.10)
\pgf@picminx=\dimen170
\pgf@picmaxx=\dimen171
\pgf@picminy=\dimen172
\pgf@picmaxy=\dimen173
\pgf@pathminx=\dimen174
\pgf@pathmaxx=\dimen175
\pgf@pathminy=\dimen176
\pgf@pathmaxy=\dimen177
\pgf@xx=\dimen178
\pgf@xy=\dimen179
\pgf@yx=\dimen180
\pgf@yy=\dimen181
\pgf@zx=\dimen182
\pgf@zy=\dimen183
) (C:\Users\joost\AppData\Local\Programs\MiKTeX\tex/generic/pgf/basiclayer\pgfcorepathconstruct.code.tex
File: pgfcorepathconstruct.code.tex 2023-01-15 v3.1.10 (3.1.10)
\pgf@path@lastx=\dimen184
\pgf@path@lasty=\dimen185
) (C:\Users\joost\AppData\Local\Programs\MiKTeX\tex/generic/pgf/basiclayer\pgfcorepathusage.code.tex
File: pgfcorepathusage.code.tex 2023-01-15 v3.1.10 (3.1.10)
\pgf@shorten@end@additional=\dimen186
\pgf@shorten@start@additional=\dimen187
) (C:\Users\joost\AppData\Local\Programs\MiKTeX\tex/generic/pgf/basiclayer\pgfcorescopes.code.tex
File: pgfcorescopes.code.tex 2023-01-15 v3.1.10 (3.1.10)
\pgfpic=\box55
\pgf@hbox=\box56
\pgf@layerbox@main=\box57
\pgf@picture@serial@count=\count284
) (C:\Users\joost\AppData\Local\Programs\MiKTeX\tex/generic/pgf/basiclayer\pgfcoregraphicstate.code.tex
File: pgfcoregraphicstate.code.tex 2023-01-15 v3.1.10 (3.1.10)
\pgflinewidth=\dimen188
) (C:\Users\joost\AppData\Local\Programs\MiKTeX\tex/generic/pgf/basiclayer\pgfcoretransformations.code.tex
File: pgfcoretransformations.code.tex 2023-01-15 v3.1.10 (3.1.10)
\pgf@pt@x=\dimen189
\pgf@pt@y=\dimen190
\pgf@pt@temp=\dimen191
) (C:\Users\joost\AppData\Local\Programs\MiKTeX\tex/generic/pgf/basiclayer\pgfcorequick.code.tex
File: pgfcorequick.code.tex 2023-01-15 v3.1.10 (3.1.10)
) (C:\Users\joost\AppData\Local\Programs\MiKTeX\tex/generic/pgf/basiclayer\pgfcoreobjects.code.tex
File: pgfcoreobjects.code.tex 2023-01-15 v3.1.10 (3.1.10)
) (C:\Users\joost\AppData\Local\Programs\MiKTeX\tex/generic/pgf/basiclayer\pgfcorepathprocessing.code.tex
File: pgfcorepathprocessing.code.tex 2023-01-15 v3.1.10 (3.1.10)
) (C:\Users\joost\AppData\Local\Programs\MiKTeX\tex/generic/pgf/basiclayer\pgfcorearrows.code.tex
File: pgfcorearrows.code.tex 2023-01-15 v3.1.10 (3.1.10)
\pgfarrowsep=\dimen192
) (C:\Users\joost\AppData\Local\Programs\MiKTeX\tex/generic/pgf/basiclayer\pgfcoreshade.code.tex
File: pgfcoreshade.code.tex 2023-01-15 v3.1.10 (3.1.10)
\pgf@max=\dimen193
\pgf@sys@shading@range@num=\count285
\pgf@shadingcount=\count286
) (C:\Users\joost\AppData\Local\Programs\MiKTeX\tex/generic/pgf/basiclayer\pgfcoreimage.code.tex
File: pgfcoreimage.code.tex 2023-01-15 v3.1.10 (3.1.10)
) (C:\Users\joost\AppData\Local\Programs\MiKTeX\tex/generic/pgf/basiclayer\pgfcoreexternal.code.tex
File: pgfcoreexternal.code.tex 2023-01-15 v3.1.10 (3.1.10)
\pgfexternal@startupbox=\box58
) (C:\Users\joost\AppData\Local\Programs\MiKTeX\tex/generic/pgf/basiclayer\pgfcorelayers.code.tex
File: pgfcorelayers.code.tex 2023-01-15 v3.1.10 (3.1.10)
) (C:\Users\joost\AppData\Local\Programs\MiKTeX\tex/generic/pgf/basiclayer\pgfcoretransparency.code.tex
File: pgfcoretransparency.code.tex 2023-01-15 v3.1.10 (3.1.10)
) (C:\Users\joost\AppData\Local\Programs\MiKTeX\tex/generic/pgf/basiclayer\pgfcorepatterns.code.tex
File: pgfcorepatterns.code.tex 2023-01-15 v3.1.10 (3.1.10)
) (C:\Users\joost\AppData\Local\Programs\MiKTeX\tex/generic/pgf/basiclayer\pgfcorerdf.code.tex
File: pgfcorerdf.code.tex 2023-01-15 v3.1.10 (3.1.10)
))) (C:\Users\joost\AppData\Local\Programs\MiKTeX\tex/generic/pgf/modules\pgfmoduleshapes.code.tex
File: pgfmoduleshapes.code.tex 2023-01-15 v3.1.10 (3.1.10)
\pgfnodeparttextbox=\box59
) (C:\Users\joost\AppData\Local\Programs\MiKTeX\tex/generic/pgf/modules\pgfmoduleplot.code.tex
File: pgfmoduleplot.code.tex 2023-01-15 v3.1.10 (3.1.10)
) (C:\Users\joost\AppData\Local\Programs\MiKTeX\tex/latex/pgf/compatibility\pgfcomp-version-0-65.sty
Package: pgfcomp-version-0-65 2023-01-15 v3.1.10 (3.1.10)
\pgf@nodesepstart=\dimen194
\pgf@nodesepend=\dimen195
) (C:\Users\joost\AppData\Local\Programs\MiKTeX\tex/latex/pgf/compatibility\pgfcomp-version-1-18.sty
Package: pgfcomp-version-1-18 2023-01-15 v3.1.10 (3.1.10)
)) (C:\Users\joost\AppData\Local\Programs\MiKTeX\tex/latex/pgf/utilities\pgffor.sty (C:\Users\joost\AppData\Local\Programs\MiKTeX\tex/latex/pgf/utilities\pgfkeys.sty (C:\Users\joost\AppData\Local\Programs\MiKTeX\tex/generic/pgf/utilities\pgfkeys.code.tex)) (C:\Users\joost\AppData\Local\Programs\MiKTeX\tex/latex/pgf/math\pgfmath.sty (C:\Users\joost\AppData\Local\Programs\MiKTeX\tex/generic/pgf/math\pgfmath.code.tex)) (C:\Users\joost\AppData\Local\Programs\MiKTeX\tex/generic/pgf/utilities\pgffor.code.tex
Package: pgffor 2023-01-15 v3.1.10 (3.1.10)
\pgffor@iter=\dimen196
\pgffor@skip=\dimen197
\pgffor@stack=\toks30
\pgffor@toks=\toks31
)) (C:\Users\joost\AppData\Local\Programs\MiKTeX\tex/generic/pgf/frontendlayer/tikz\tikz.code.tex
Package: tikz 2023-01-15 v3.1.10 (3.1.10)
 (C:\Users\joost\AppData\Local\Programs\MiKTeX\tex/generic/pgf/libraries\pgflibraryplothandlers.code.tex
File: pgflibraryplothandlers.code.tex 2023-01-15 v3.1.10 (3.1.10)
\pgf@plot@mark@count=\count287
\pgfplotmarksize=\dimen198
)
\tikz@lastx=\dimen199
\tikz@lasty=\dimen256
\tikz@lastxsaved=\dimen257
\tikz@lastysaved=\dimen258
\tikz@lastmovetox=\dimen259
\tikz@lastmovetoy=\dimen260
\tikzleveldistance=\dimen261
\tikzsiblingdistance=\dimen262
\tikz@figbox=\box60
\tikz@figbox@bg=\box61
\tikz@tempbox=\box62
\tikz@tempbox@bg=\box63
\tikztreelevel=\count288
\tikznumberofchildren=\count289
\tikznumberofcurrentchild=\count290
\tikz@fig@count=\count291
 (C:\Users\joost\AppData\Local\Programs\MiKTeX\tex/generic/pgf/modules\pgfmodulematrix.code.tex
File: pgfmodulematrix.code.tex 2023-01-15 v3.1.10 (3.1.10)
\pgfmatrixcurrentrow=\count292
\pgfmatrixcurrentcolumn=\count293
\pgf@matrix@numberofcolumns=\count294
)
\tikz@expandcount=\count295
 (C:\Users\joost\AppData\Local\Programs\MiKTeX\tex/generic/pgf/frontendlayer/tikz/libraries\tikzlibrarytopaths.code.tex
File: tikzlibrarytopaths.code.tex 2023-01-15 v3.1.10 (3.1.10)
))) (C:\Users\joost\AppData\Local\Programs\MiKTeX\tex/latex/pgf-pie\tikzlibrarypie.code.tex (C:\Users\joost\AppData\Local\Programs\MiKTeX\tex/latex/carlisle\scalefnt.sty)
\pgfpie@angleEnd=\dimen263
\pgfpie@explodeLength=\count296
\pgfpie@colorLength=\count297
\pgfpie@sliceLength=\count298
)) (C:\Users\joost\AppData\Local\Programs\MiKTeX\tex/latex/booktabs\booktabs.sty
Package: booktabs 2020/01/12 v1.61803398 Publication quality tables
\heavyrulewidth=\dimen264
\lightrulewidth=\dimen265
\cmidrulewidth=\dimen266
\belowrulesep=\dimen267
\belowbottomsep=\dimen268
\aboverulesep=\dimen269
\abovetopsep=\dimen270
\cmidrulesep=\dimen271
\cmidrulekern=\dimen272
\defaultaddspace=\dimen273
\@cmidla=\count299
\@cmidlb=\count300
\@aboverulesep=\dimen274
\@belowrulesep=\dimen275
\@thisruleclass=\count301
\@lastruleclass=\count302
\@thisrulewidth=\dimen276
) (C:\Users\joost\AppData\Local\Programs\MiKTeX\tex/latex/biblatex\biblatex.sty
Package: biblatex 2024/03/21 v3.20 programmable bibliographies (PK/MW)
 (C:\Users\joost\AppData\Local\Programs\MiKTeX\tex/generic/pdftexcmds\pdftexcmds.sty
Package: pdftexcmds 2020-06-27 v0.33 Utility functions of pdfTeX for LuaTeX (HO)
 (C:\Users\joost\AppData\Local\Programs\MiKTeX\tex/generic/infwarerr\infwarerr.sty
Package: infwarerr 2019/12/03 v1.5 Providing info/warning/error messages (HO)
) (C:\Users\joost\AppData\Local\Programs\MiKTeX\tex/generic/ltxcmds\ltxcmds.sty
Package: ltxcmds 2023-12-04 v1.26 LaTeX kernel commands for general use (HO)
)
Package pdftexcmds Info: \pdf@primitive is available.
Package pdftexcmds Info: \pdf@ifprimitive is available.
Package pdftexcmds Info: \pdfdraftmode found.
) (C:\Users\joost\AppData\Local\Programs\MiKTeX\tex/latex/etoolbox\etoolbox.sty
Package: etoolbox 2020/10/05 v2.5k e-TeX tools for LaTeX (JAW)
\etb@tempcnta=\count303
) (C:\Users\joost\AppData\Local\Programs\MiKTeX\tex/latex/kvoptions\kvoptions.sty
Package: kvoptions 2022-06-15 v3.15 Key value format for package options (HO)
 (C:\Users\joost\AppData\Local\Programs\MiKTeX\tex/latex/kvsetkeys\kvsetkeys.sty
Package: kvsetkeys 2022-10-05 v1.19 Key value parser (HO)
)) (C:\Users\joost\AppData\Local\Programs\MiKTeX\tex/latex/logreq\logreq.sty
Package: logreq 2010/08/04 v1.0 xml request logger
\lrq@indent=\count304
 (C:\Users\joost\AppData\Local\Programs\MiKTeX\tex/latex/logreq\logreq.def
File: logreq.def 2010/08/04 v1.0 logreq spec v1.0
)) (C:\Users\joost\AppData\Local\Programs\MiKTeX\tex/latex/base\ifthen.sty
Package: ifthen 2024/03/16 v1.1e Standard LaTeX ifthen package (DPC)
) (C:\Users\joost\AppData\Local\Programs\MiKTeX\tex/latex/url\url.sty
\Urlmuskip=\muskip17
Package: url 2013/09/16  ver 3.4  Verb mode for urls, etc.
)
\c@tabx@nest=\count305
\c@listtotal=\count306
\c@listcount=\count307
\c@liststart=\count308
\c@liststop=\count309
\c@citecount=\count310
\c@citetotal=\count311
\c@multicitecount=\count312
\c@multicitetotal=\count313
\c@instcount=\count314
\c@maxnames=\count315
\c@minnames=\count316
\c@maxitems=\count317
\c@minitems=\count318
\c@citecounter=\count319
\c@maxcitecounter=\count320
\c@savedcitecounter=\count321
\c@uniquelist=\count322
\c@uniquename=\count323
\c@refsection=\count324
\c@refsegment=\count325
\c@maxextratitle=\count326
\c@maxextratitleyear=\count327
\c@maxextraname=\count328
\c@maxextradate=\count329
\c@maxextraalpha=\count330
\c@abbrvpenalty=\count331
\c@highnamepenalty=\count332
\c@lownamepenalty=\count333
\c@maxparens=\count334
\c@parenlevel=\count335
\blx@tempcnta=\count336
\blx@tempcntb=\count337
\blx@tempcntc=\count338
\c@blx@maxsection=\count339
\blx@maxsegment@0=\count340
\blx@notetype=\count341
\blx@parenlevel@text=\count342
\blx@parenlevel@foot=\count343
\blx@sectionciteorder@0=\count344
\blx@sectionciteorderinternal@0=\count345
\blx@entrysetcounter=\count346
\blx@biblioinstance=\count347
\labelnumberwidth=\skip84
\labelalphawidth=\skip85
\biblabelsep=\skip86
\bibitemsep=\skip87
\bibnamesep=\skip88
\bibinitsep=\skip89
\bibparsep=\skip90
\bibhang=\skip91
\blx@bcfin=\read3
\blx@bcfout=\write4
\blx@langwohyphens=\language79
\c@mincomprange=\count348
\c@maxcomprange=\count349
\c@mincompwidth=\count350
Package biblatex Info: Trying to load biblatex default data model...
Package biblatex Info: ... file 'blx-dm.def' found.
 (C:\Users\joost\AppData\Local\Programs\MiKTeX\tex/latex/biblatex\blx-dm.def
File: blx-dm.def 2024/03/21 v3.20 biblatex datamodel (PK/MW)
)
Package biblatex Info: Trying to load biblatex style data model...
Package biblatex Info: ... file 'apa.dbx' found.
 (C:\Users\joost\AppData\Local\Programs\MiKTeX\tex/latex/biblatex-apa\apa.dbx
File: apa.dbx 2023/03/20 v9.17 APA biblatex style data model
)
Package biblatex Info: Trying to load biblatex custom data model...
Package biblatex Info: ... file 'biblatex-dm.cfg' not found.
\c@afterword=\count351
\c@savedafterword=\count352
\c@annotator=\count353
\c@savedannotator=\count354
\c@author=\count355
\c@savedauthor=\count356
\c@bookauthor=\count357
\c@savedbookauthor=\count358
\c@commentator=\count359
\c@savedcommentator=\count360
\c@editor=\count361
\c@savededitor=\count362
\c@editora=\count363
\c@savededitora=\count364
\c@editorb=\count365
\c@savededitorb=\count366
\c@editorc=\count367
\c@savededitorc=\count368
\c@foreword=\count369
\c@savedforeword=\count370
\c@holder=\count371
\c@savedholder=\count372
\c@introduction=\count373
\c@savedintroduction=\count374
\c@namea=\count375
\c@savednamea=\count376
\c@nameb=\count377
\c@savednameb=\count378
\c@namec=\count379
\c@savednamec=\count380
\c@translator=\count381
\c@savedtranslator=\count382
\c@shortauthor=\count383
\c@savedshortauthor=\count384
\c@shorteditor=\count385
\c@savedshorteditor=\count386
\c@narrator=\count387
\c@savednarrator=\count388
\c@execproducer=\count389
\c@savedexecproducer=\count390
\c@execdirector=\count391
\c@savedexecdirector=\count392
\c@with=\count393
\c@savedwith=\count394
\c@labelname=\count395
\c@savedlabelname=\count396
\c@institution=\count397
\c@savedinstitution=\count398
\c@lista=\count399
\c@savedlista=\count400
\c@listb=\count401
\c@savedlistb=\count402
\c@listc=\count403
\c@savedlistc=\count404
\c@listd=\count405
\c@savedlistd=\count406
\c@liste=\count407
\c@savedliste=\count408
\c@listf=\count409
\c@savedlistf=\count410
\c@location=\count411
\c@savedlocation=\count412
\c@organization=\count413
\c@savedorganization=\count414
\c@origlocation=\count415
\c@savedoriglocation=\count416
\c@origpublisher=\count417
\c@savedorigpublisher=\count418
\c@publisher=\count419
\c@savedpublisher=\count420
\c@language=\count421
\c@savedlanguage=\count422
\c@origlanguage=\count423
\c@savedoriglanguage=\count424
\c@citation=\count425
\c@savedcitation=\count426
\c@pageref=\count427
\c@savedpageref=\count428
\shorthandwidth=\skip92
\shortjournalwidth=\skip93
\shortserieswidth=\skip94
\shorttitlewidth=\skip95
\shortauthorwidth=\skip96
\shorteditorwidth=\skip97
\locallabelnumberwidth=\skip98
\locallabelalphawidth=\skip99
\localshorthandwidth=\skip100
\localshortjournalwidth=\skip101
\localshortserieswidth=\skip102
\localshorttitlewidth=\skip103
\localshortauthorwidth=\skip104
\localshorteditorwidth=\skip105
Package biblatex Info: Trying to load compatibility code...
Package biblatex Info: ... file 'blx-compat.def' found.
 (C:\Users\joost\AppData\Local\Programs\MiKTeX\tex/latex/biblatex\blx-compat.def
File: blx-compat.def 2024/03/21 v3.20 biblatex compatibility (PK/MW)
)
Package biblatex Info: Trying to load generic definitions...
Package biblatex Info: ... file 'biblatex.def' found.
 (C:\Users\joost\AppData\Local\Programs\MiKTeX\tex/latex/biblatex\biblatex.def
File: biblatex.def 2024/03/21 v3.20 biblatex compatibility (PK/MW)
\c@textcitecount=\count429
\c@textcitetotal=\count430
\c@textcitemaxnames=\count431
\c@biburlbigbreakpenalty=\count432
\c@biburlbreakpenalty=\count433
\c@biburlnumpenalty=\count434
\c@biburlucpenalty=\count435
\c@biburllcpenalty=\count436
\biburlbigskip=\muskip18
\biburlnumskip=\muskip19
\biburlucskip=\muskip20
\biburllcskip=\muskip21
\c@smartand=\count437
)
Package biblatex Info: Trying to load bibliography style 'apa'...
Package biblatex Info: ... file 'apa.bbx' found.
 (C:\Users\joost\AppData\Local\Programs\MiKTeX\tex/latex/biblatex-apa\apa.bbx
File: apa.bbx 2023/03/20 v9.17 APA biblatex references style
Package biblatex Info: Trying to load bibliography style 'standard'...
Package biblatex Info: ... file 'standard.bbx' found.
 (C:\Users\joost\AppData\Local\Programs\MiKTeX\tex/latex/biblatex/bbx\standard.bbx
File: standard.bbx 2024/03/21 v3.20 biblatex bibliography style (PK/MW)
\c@bbx:relatedcount=\count438
\c@bbx:relatedtotal=\count439
)
Package biblatex Info: Delimiter 'nameyeardelim' in context 'bib' already defined, overwriting.
Package biblatex Info: Delimiter 'nameyeardelim' in context 'biblist' already defined, overwriting.
Package biblatex Info: Delimiter 'nonameyeardelim' in context 'bib' already defined, overwriting.
Package biblatex Info: Delimiter 'nonameyeardelim' in context 'biblist' already defined, overwriting.
)
Package biblatex Info: Trying to load citation style 'apa'...
Package biblatex Info: ... file 'apa.cbx' found.
 (C:\Users\joost\AppData\Local\Programs\MiKTeX\tex/latex/biblatex-apa\apa.cbx
File: apa.cbx 2023/03/20 v9.17 APA biblatex citation style
Package biblatex Info: Delimiter 'nameyeardelim' in context '' already defined, overwriting.
Package biblatex Info: Delimiter 'andothersdelim' in context '' already defined, overwriting.
Package biblatex Info: Redefining '\fullcite'.
Package biblatex Info: Redefining '\citeauthor'.
Package biblatex Info: Redefining '\citeyear'.
Package biblatex Info: Redefining '\cite'.
Package biblatex Info: Redefining '\cites'.
Package biblatex Info: Redefining '\parencite'.
Package biblatex Info: Redefining '\parencites'.
Package biblatex Info: Redefining '\footcite'.
Package biblatex Info: Redefining '\footcites'.
Package biblatex Info: Redefining '\footcitetext'.
Package biblatex Info: Redefining '\footcitetexts'.
Package biblatex Info: Redefining '\smartcite'.
Package biblatex Info: Redefining '\smartcites'.
Package biblatex Info: Redefining '\textcite'.
Package biblatex Info: Redefining '\textcites'.
)
Package biblatex Info: Trying to load configuration file...
Package biblatex Info: ... file 'biblatex.cfg' found.
 (C:\Users\joost\AppData\Local\Programs\MiKTeX\tex/latex/biblatex\biblatex.cfg
File: biblatex.cfg 
)
Package biblatex Info: Input encoding 'utf8' detected.
Package biblatex Info: Document encoding is UTF8 ....
 (C:\Users\joost\AppData\Local\Programs\MiKTeX\tex/latex/l3kernel\expl3.sty
Package: expl3 2024-11-02 L3 programming layer (loader) 
 (C:\Users\joost\AppData\Local\Programs\MiKTeX\tex/latex/l3backend\l3backend-pdftex.def
File: l3backend-pdftex.def 2024-05-08 L3 backend support: PDF output (pdfTeX)
\l__color_backend_stack_int=\count440
\l__pdf_internal_box=\box64
))
Package biblatex Info: ... and expl3
(biblatex)             2024-11-02 L3 programming layer (loader) 
(biblatex)             is new enough (at least 2020/04/06),
(biblatex)             setting 'casechanger=expl3'.
 (C:\Users\joost\AppData\Local\Programs\MiKTeX\tex/latex/biblatex\blx-case-expl3.sty (C:\Users\joost\AppData\Local\Programs\MiKTeX\tex/latex/l3packages/xparse\xparse.sty
Package: xparse 2024-08-16 L3 Experimental document command parser
)
Package: blx-case-expl3 2024/03/21 v3.20 expl3 case changing code for biblatex
)) (C:\Users\joost\AppData\Local\Programs\MiKTeX\tex/latex/sectsty\sectsty.sty
Package: sectsty 2002/02/25 v2.0.2 Commands to change all sectional heading styles


LaTeX Warning: Command \underbar  has changed.
               Check if current package is valid.


LaTeX Warning: Command \underline  has changed.
               Check if current package is valid.

) (C:\Users\joost\AppData\Local\Programs\MiKTeX\tex/latex/amsmath\amsmath.sty
Package: amsmath 2024/11/05 v2.17t AMS math features
\@mathmargin=\skip106

For additional information on amsmath, use the `?' option.
(C:\Users\joost\AppData\Local\Programs\MiKTeX\tex/latex/amsmath\amstext.sty
Package: amstext 2021/08/26 v2.01 AMS text
 (C:\Users\joost\AppData\Local\Programs\MiKTeX\tex/latex/amsmath\amsgen.sty
File: amsgen.sty 1999/11/30 v2.0 generic functions
\@emptytoks=\toks32
\ex@=\dimen277
)) (C:\Users\joost\AppData\Local\Programs\MiKTeX\tex/latex/amsmath\amsbsy.sty
Package: amsbsy 1999/11/29 v1.2d Bold Symbols
\pmbraise@=\dimen278
) (C:\Users\joost\AppData\Local\Programs\MiKTeX\tex/latex/amsmath\amsopn.sty
Package: amsopn 2022/04/08 v2.04 operator names
)
\inf@bad=\count441
LaTeX Info: Redefining \frac on input line 233.
\uproot@=\count442
\leftroot@=\count443
LaTeX Info: Redefining \overline on input line 398.
LaTeX Info: Redefining \colon on input line 409.
\classnum@=\count444
\DOTSCASE@=\count445
LaTeX Info: Redefining \ldots on input line 495.
LaTeX Info: Redefining \dots on input line 498.
LaTeX Info: Redefining \cdots on input line 619.
\Mathstrutbox@=\box65
\strutbox@=\box66
LaTeX Info: Redefining \big on input line 721.
LaTeX Info: Redefining \Big on input line 722.
LaTeX Info: Redefining \bigg on input line 723.
LaTeX Info: Redefining \Bigg on input line 724.
\big@size=\dimen279
LaTeX Font Info:    Redeclaring font encoding OML on input line 742.
LaTeX Font Info:    Redeclaring font encoding OMS on input line 743.
\macc@depth=\count446
LaTeX Info: Redefining \bmod on input line 904.
LaTeX Info: Redefining \pmod on input line 909.
LaTeX Info: Redefining \smash on input line 939.
LaTeX Info: Redefining \relbar on input line 969.
LaTeX Info: Redefining \Relbar on input line 970.
\c@MaxMatrixCols=\count447
\dotsspace@=\muskip22
\c@parentequation=\count448
\dspbrk@lvl=\count449
\tag@help=\toks33
\row@=\count450
\column@=\count451
\maxfields@=\count452
\andhelp@=\toks34
\eqnshift@=\dimen280
\alignsep@=\dimen281
\tagshift@=\dimen282
\tagwidth@=\dimen283
\totwidth@=\dimen284
\lineht@=\dimen285
\@envbody=\toks35
\multlinegap=\skip107
\multlinetaggap=\skip108
\mathdisplay@stack=\toks36
LaTeX Info: Redefining \[ on input line 2953.
LaTeX Info: Redefining \] on input line 2954.
) (C:\Users\joost\AppData\Local\Programs\MiKTeX\tex/latex/tools\multicol.sty
Package: multicol 2024/09/14 v1.9i multicolumn formatting (FMi)
\c@tracingmulticols=\count453
\mult@box=\box67
\multicol@leftmargin=\dimen286
\c@unbalance=\count454
\c@collectmore=\count455
\doublecol@number=\count456
\multicoltolerance=\count457
\multicolpretolerance=\count458
\full@width=\dimen287
\page@free=\dimen288
\premulticols=\dimen289
\postmulticols=\dimen290
\multicolsep=\skip109
\multicolbaselineskip=\skip110
\partial@page=\box68
\last@line=\box69
\mc@boxedresult=\box70
\maxbalancingoverflow=\dimen291
\mult@rightbox=\box71
\mult@grightbox=\box72
\mult@firstbox=\box73
\mult@gfirstbox=\box74
\@tempa=\box75
\@tempa=\box76
\@tempa=\box77
\@tempa=\box78
\@tempa=\box79
\@tempa=\box80
\@tempa=\box81
\@tempa=\box82
\@tempa=\box83
\@tempa=\box84
\@tempa=\box85
\@tempa=\box86
\@tempa=\box87
\@tempa=\box88
\@tempa=\box89
\@tempa=\box90
\@tempa=\box91
\@tempa=\box92
\@tempa=\box93
\@tempa=\box94
\@tempa=\box95
\@tempa=\box96
\@tempa=\box97
\@tempa=\box98
\@tempa=\box99
\@tempa=\box100
\@tempa=\box101
\@tempa=\box102
\@tempa=\box103
\@tempa=\box104
\@tempa=\box105
\@tempa=\box106
\@tempa=\box107
\@tempa=\box108
\@tempa=\box109
\@tempa=\box110
\c@minrows=\count459
\c@columnbadness=\count460
\c@finalcolumnbadness=\count461
\last@try=\dimen292
\multicolovershoot=\dimen293
\multicolundershoot=\dimen294
\mult@nat@firstbox=\box111
\colbreak@box=\box112
\mc@col@check@num=\count462
) (C:\Users\joost\AppData\Local\Programs\MiKTeX\tex/latex/tools\tabularx.sty
Package: tabularx 2023/12/11 v2.12a `tabularx' package (DPC)
 (C:\Users\joost\AppData\Local\Programs\MiKTeX\tex/latex/tools\array.sty
Package: array 2024/10/17 v2.6g Tabular extension package (FMi)
\col@sep=\dimen295
\ar@mcellbox=\box113
\extrarowheight=\dimen296
\NC@list=\toks37
\extratabsurround=\skip111
\backup@length=\skip112
\ar@cellbox=\box114
)
\TX@col@width=\dimen297
\TX@old@table=\dimen298
\TX@old@col=\dimen299
\TX@target=\dimen300
\TX@delta=\dimen301
\TX@cols=\count463
\TX@ftn=\toks38
) (C:\Users\joost\AppData\Local\Programs\MiKTeX\tex/latex/adjustbox\adjustbox.sty
Package: adjustbox 2022/10/17 v1.3a Adjusting TeX boxes (trim, clip, ...)
 (C:\Users\joost\AppData\Local\Programs\MiKTeX\tex/latex/xkeyval\xkeyval.sty
Package: xkeyval 2022/06/16 v2.9 package option processing (HA)
 (C:\Users\joost\AppData\Local\Programs\MiKTeX\tex/generic/xkeyval\xkeyval.tex (C:\Users\joost\AppData\Local\Programs\MiKTeX\tex/generic/xkeyval\xkvutils.tex
\XKV@toks=\toks39
\XKV@tempa@toks=\toks40
)
\XKV@depth=\count464
File: xkeyval.tex 2014/12/03 v2.7a key=value parser (HA)
)) (C:\Users\joost\AppData\Local\Programs\MiKTeX\tex/latex/adjustbox\adjcalc.sty
Package: adjcalc 2012/05/16 v1.1 Provides advanced setlength with multiple back-ends (calc, etex, pgfmath)
) (C:\Users\joost\AppData\Local\Programs\MiKTeX\tex/latex/adjustbox\trimclip.sty
Package: trimclip 2020/08/19 v1.2 Trim and clip general TeX material
 (C:\Users\joost\AppData\Local\Programs\MiKTeX\tex/latex/collectbox\collectbox.sty
Package: collectbox 2022/10/17 v0.4c Collect macro arguments as boxes
\collectedbox=\box115
)
\tc@llx=\dimen302
\tc@lly=\dimen303
\tc@urx=\dimen304
\tc@ury=\dimen305
Package trimclip Info: Using driver 'tc-pdftex.def'.
 (C:\Users\joost\AppData\Local\Programs\MiKTeX\tex/latex/adjustbox\tc-pdftex.def
File: tc-pdftex.def 2019/01/04 v2.2 Clipping driver for pdftex
))
\adjbox@Width=\dimen306
\adjbox@Height=\dimen307
\adjbox@Depth=\dimen308
\adjbox@Totalheight=\dimen309
\adjbox@pwidth=\dimen310
\adjbox@pheight=\dimen311
\adjbox@pdepth=\dimen312
\adjbox@ptotalheight=\dimen313
 (C:\Users\joost\AppData\Local\Programs\MiKTeX\tex/latex/ifoddpage\ifoddpage.sty
Package: ifoddpage 2022/10/18 v1.2 Conditionals for odd/even page detection
\c@checkoddpage=\count465
) (C:\Users\joost\AppData\Local\Programs\MiKTeX\tex/latex/varwidth\varwidth.sty
Package: varwidth 2009/03/30 ver 0.92;  Variable-width minipages
\@vwid@box=\box116
\sift@deathcycles=\count466
\@vwid@loff=\dimen314
\@vwid@roff=\dimen315
)) (C:\Users\joost\AppData\Local\Programs\MiKTeX\tex/latex/tools\longtable.sty
Package: longtable 2024-10-27 v4.22 Multi-page Table package (DPC)
\LTleft=\skip113
\LTright=\skip114
\LTpre=\skip115
\LTpost=\skip116
\LTchunksize=\count467
\LTcapwidth=\dimen316
\LT@head=\box117
\LT@firsthead=\box118
\LT@foot=\box119
\LT@lastfoot=\box120
\LT@gbox=\box121
\LT@cols=\count468
\LT@rows=\count469
\c@LT@tables=\count470
\c@LT@chunks=\count471
\LT@p@ftn=\toks41
) (C:\Users\joost\AppData\Local\Programs\MiKTeX\tex/latex/float\float.sty
Package: float 2001/11/08 v1.3d Float enhancements (AL)
\c@float@type=\count472
\float@exts=\toks42
\float@box=\box122
\@float@everytoks=\toks43
\@floatcapt=\box123
) (C:\Users\joost\AppData\Local\Programs\MiKTeX\tex/latex/subfig\subfig.sty
Package: subfig 2005/06/28 ver: 1.3 subfig package
 (C:\Users\joost\AppData\Local\Programs\MiKTeX\tex/latex/caption\caption.sty
Package: caption 2023/08/05 v3.6o Customizing captions (AR)
 (C:\Users\joost\AppData\Local\Programs\MiKTeX\tex/latex/caption\caption3.sty
Package: caption3 2023/07/31 v2.4d caption3 kernel (AR)
\caption@tempdima=\dimen317
\captionmargin=\dimen318
\caption@leftmargin=\dimen319
\caption@rightmargin=\dimen320
\caption@width=\dimen321
\caption@indent=\dimen322
\caption@parindent=\dimen323
\caption@hangindent=\dimen324
Package caption Info: Standard document class detected.
)
\c@caption@flags=\count473
\c@continuedfloat=\count474
Package caption Info: float package is loaded.
Package caption Info: longtable package is loaded.
 (C:\Users\joost\AppData\Local\Programs\MiKTeX\tex/latex/caption\ltcaption.sty
Package: ltcaption 2021/01/08 v1.4c longtable captions (AR)
))
\c@KVtest=\count475
\sf@farskip=\skip117
\sf@captopadj=\dimen325
\sf@capskip=\skip118
\sf@nearskip=\skip119
\c@subfigure=\count476
\c@subfigure@save=\count477
\c@subtable=\count478
\c@subtable@save=\count479
\sf@top=\skip120
\sf@bottom=\skip121
) (C:\Users\joost\AppData\Local\Programs\MiKTeX\tex/latex/listings\listings.sty
\lst@mode=\count480
\lst@gtempboxa=\box124
\lst@token=\toks44
\lst@length=\count481
\lst@currlwidth=\dimen326
\lst@column=\count482
\lst@pos=\count483
\lst@lostspace=\dimen327
\lst@width=\dimen328
\lst@newlines=\count484
\lst@lineno=\count485
\lst@maxwidth=\dimen329
 (C:\Users\joost\AppData\Local\Programs\MiKTeX\tex/latex/listings\lstpatch.sty
File: lstpatch.sty 2024/09/23 1.10c (Carsten Heinz)
) (C:\Users\joost\AppData\Local\Programs\MiKTeX\tex/latex/listings\lstmisc.sty
File: lstmisc.sty 2024/09/23 1.10c (Carsten Heinz)
\c@lstnumber=\count486
\lst@skipnumbers=\count487
\lst@framebox=\box125
) (C:\Users\joost\AppData\Local\Programs\MiKTeX\tex/latex/listings\listings.cfg
File: listings.cfg 2024/09/23 1.10c listings configuration
))
Package: listings 2024/09/23 1.10c (Carsten Heinz)
 (C:\Users\joost\AppData\Local\Programs\MiKTeX\tex/latex/minted\minted.sty
Package: minted 2024/11/17 v3.4.0 Yet another Pygments shim for LaTeX
 (C:\Users\joost\AppData\Local\Programs\MiKTeX\tex/generic/catchfile\catchfile.sty
Package: catchfile 2019/12/09 v1.8 Catch the contents of a file (HO)
 (C:\Users\joost\AppData\Local\Programs\MiKTeX\tex/generic/etexcmds\etexcmds.sty
Package: etexcmds 2019/12/15 v1.7 Avoid name clashes with e-TeX commands (HO)
)) (C:\Users\joost\AppData\Local\Programs\MiKTeX\tex/latex/fvextra\fvextra.sty
Package: fvextra 2024/11/17 v1.10.0 fvextra - extensions and patches for fancyvrb
 (C:\Users\joost\AppData\Local\Programs\MiKTeX\tex/latex/fancyvrb\fancyvrb.sty
Package: fancyvrb 2024/01/20 4.5c verbatim text (tvz,hv)
\FV@CodeLineNo=\count488
\FV@InFile=\read4
\FV@TabBox=\box126
\c@FancyVerbLine=\count489
\FV@StepNumber=\count490
\FV@OutFile=\write5
) (C:\Users\joost\AppData\Local\Programs\MiKTeX\tex/latex/upquote\upquote.sty
Package: upquote 2012/04/19 v1.3 upright-quote and grave-accent glyphs in verbatim
) (C:\Users\joost\AppData\Local\Programs\MiKTeX\tex/latex/lineno\lineno.sty
Package: lineno 2023/05/20 line numbers on paragraphs v5.3
\linenopenalty=\count491
\output=\toks45
\linenoprevgraf=\count492
\linenumbersep=\dimen330
\linenumberwidth=\dimen331
\c@linenumber=\count493
\c@pagewiselinenumber=\count494
\c@LN@truepage=\count495
\c@internallinenumber=\count496
\c@internallinenumbers=\count497
\quotelinenumbersep=\dimen332
\bframerule=\dimen333
\bframesep=\dimen334
\bframebox=\box127
\linenoamsmath@ams@eqpen=\count498
LaTeX Info: Redefining \\ on input line 3180.
)
\c@FancyVerbWriteLine=\count499
\c@FancyVerbBufferLine=\count500
\c@FV@TrueTabGroupLevel=\count501
\c@FV@TrueTabCounter=\count502
\FV@TabBox@Group=\box128
\FV@TmpLength=\skip122
\c@FV@HighlightLinesStart=\count503
\c@FV@HighlightLinesStop=\count504
\FV@LoopCount=\count505
\FV@NCharsBox=\box129
\FV@BreakIndent=\dimen335
\FV@BreakIndentNChars=\count506
\FV@BreakSymbolSepLeft=\dimen336
\FV@BreakSymbolSepLeftNChars=\count507
\FV@BreakSymbolSepRight=\dimen337
\FV@BreakSymbolSepRightNChars=\count508
\FV@BreakSymbolIndentLeft=\dimen338
\FV@BreakSymbolIndentLeftNChars=\count509
\FV@BreakSymbolIndentRight=\dimen339
\FV@BreakSymbolIndentRightNChars=\count510
\c@FancyVerbLineBreakLast=\count511
\FV@LineBox=\box130
\FV@LineIndentBox=\box131
\c@FV@BreakBufferDepth=\count512
\FV@LineWidth=\dimen340
) (C:\Users\joost\AppData\Local\Programs\MiKTeX\tex/latex/latex2pydata\latex2pydata.sty
Package: latex2pydata 2024/11/17 v0.4.0 latex2pydata - write data to file in Python literal format
) (C:\Users\joost\AppData\Local\Programs\MiKTeX\tex/latex/pgfopts\pgfopts.sty
Package: pgfopts 2014/07/10 v2.1a LaTeX package options with pgfkeys
\pgfopts@list@add@a@toks=\toks46
\pgfopts@list@add@b@toks=\toks47
) (C:\Users\joost\AppData\Local\Programs\MiKTeX\tex/latex/tools\shellesc.sty
Package: shellesc 2023/07/08 v1.0d unified shell escape interface for LaTeX
Package shellesc Info: Restricted shell escape enabled on input line 77.
)
\c@minted@FancyVerbLineTemp=\count513
\@float@every@listing=\toks48
\c@listing=\count514
) (C:\Users\joost\AppData\Local\Programs\MiKTeX\tex/latex/makecell\makecell.sty
Package: makecell 2009/08/03 V0.1e Managing of Tab Column Heads and Cells
\rotheadsize=\dimen341
\c@nlinenum=\count515
\TeXr@lab=\toks49
) (C:\Users\joost\AppData\Local\Programs\MiKTeX\tex/generic/pgf/frontendlayer/tikz/libraries\tikzlibrarycalc.code.tex
File: tikzlibrarycalc.code.tex 2023-01-15 v3.1.10 (3.1.10)
) (C:\Users\joost\AppData\Local\Programs\MiKTeX\tex/generic/pgf/frontendlayer/tikz/libraries\tikzlibraryarrows.code.tex
File: tikzlibraryarrows.code.tex 2023-01-15 v3.1.10 (3.1.10)
 (C:\Users\joost\AppData\Local\Programs\MiKTeX\tex/generic/pgf/libraries\pgflibraryarrows.code.tex
File: pgflibraryarrows.code.tex 2023-01-15 v3.1.10 (3.1.10)
\arrowsize=\dimen342
)) (C:\Users\joost\AppData\Local\Programs\MiKTeX\tex/latex/pgfplots\pgfplots.sty (C:\Users\joost\AppData\Local\Programs\MiKTeX\tex/generic/pgfplots\pgfplots.revision.tex)
Package: pgfplots 2021/05/15 v1.18.1 Data Visualization (1.18.1)
 (C:\Users\joost\AppData\Local\Programs\MiKTeX\tex/generic/pgfplots\pgfplots.code.tex (C:\Users\joost\AppData\Local\Programs\MiKTeX\tex/generic/pgfplots\pgfplotscore.code.tex
\t@pgfplots@toka=\toks50
\t@pgfplots@tokb=\toks51
\t@pgfplots@tokc=\toks52
\pgfplots@tmpa=\dimen343
\c@pgfplots@coordindex=\count516
\c@pgfplots@scanlineindex=\count517
 (C:\Users\joost\AppData\Local\Programs\MiKTeX\tex/generic/pgfplots/sys\pgfplotssysgeneric.code.tex)) (C:\Users\joost\AppData\Local\Programs\MiKTeX\tex/generic/pgfplots/libs\pgfplotslibrary.code.tex) (C:\Users\joost\AppData\Local\Programs\MiKTeX\tex/generic/pgfplots/oldpgfcompatib\pgfplotsoldpgfsupp_loader.code.tex (C:\Users\joost\AppData\Local\Programs\MiKTeX\tex/generic/pgf/libraries\pgflibraryfpu.code.tex)
Package pgfplots: loading complementary utilities for your pgf version...
\t@pgf@toka=\toks53
\t@pgf@tokb=\toks54
\t@pgf@tokc=\toks55
(C:\Users\joost\AppData\Local\Programs\MiKTeX\tex/generic/pgfplots/oldpgfcompatib\pgfplotsoldpgfsupp_pgfutil-common-lists.tex)) (C:\Users\joost\AppData\Local\Programs\MiKTeX\tex/generic/pgfplots/util\pgfplotsutil.code.tex (C:\Users\joost\AppData\Local\Programs\MiKTeX\tex/generic/pgfplots/liststructure\pgfplotsliststructure.code.tex) (C:\Users\joost\AppData\Local\Programs\MiKTeX\tex/generic/pgfplots/liststructure\pgfplotsliststructureext.code.tex) (C:\Users\joost\AppData\Local\Programs\MiKTeX\tex/generic/pgfplots/liststructure\pgfplotsarray.code.tex
\c@pgfplotsarray@tmp=\count518
) (C:\Users\joost\AppData\Local\Programs\MiKTeX\tex/generic/pgfplots/liststructure\pgfplotsmatrix.code.tex) (C:\Users\joost\AppData\Local\Programs\MiKTeX\tex/generic/pgfplots/numtable\pgfplotstableshared.code.tex
\c@pgfplotstable@counta=\count519
\t@pgfplotstable@a=\toks56
) (C:\Users\joost\AppData\Local\Programs\MiKTeX\tex/generic/pgfplots/liststructure\pgfplotsdeque.code.tex) (C:\Users\joost\AppData\Local\Programs\MiKTeX\tex/generic/pgfplots/util\pgfplotsbinary.code.tex (C:\Users\joost\AppData\Local\Programs\MiKTeX\tex/generic/pgfplots/util\pgfplotsbinary.data.code.tex)) (C:\Users\joost\AppData\Local\Programs\MiKTeX\tex/generic/pgfplots/util\pgfplotsutil.verb.code.tex) (C:\Users\joost\AppData\Local\Programs\MiKTeX\tex/generic/pgfplots/libs\pgflibrarypgfplots.surfshading.code.tex
\c@pgfplotslibrarysurf@no=\count520
 (C:\Users\joost\AppData\Local\Programs\MiKTeX\tex/generic/pgfplots/sys\pgflibrarypgfplots.surfshading.pgfsys-pdftex.def))) (C:\Users\joost\AppData\Local\Programs\MiKTeX\tex/generic/pgfplots/util\pgfplotscolormap.code.tex (C:\Users\joost\AppData\Local\Programs\MiKTeX\tex/generic/pgfplots/util\pgfplotscolor.code.tex)) (C:\Users\joost\AppData\Local\Programs\MiKTeX\tex/generic/pgfplots\pgfplotsstackedplots.code.tex) (C:\Users\joost\AppData\Local\Programs\MiKTeX\tex/generic/pgfplots\pgfplotsplothandlers.code.tex (C:\Users\joost\AppData\Local\Programs\MiKTeX\tex/generic/pgfplots\pgfplotsmeshplothandler.code.tex (C:\Users\joost\AppData\Local\Programs\MiKTeX\tex/generic/pgfplots\pgfplotsmeshplotimage.code.tex))) (C:\Users\joost\AppData\Local\Programs\MiKTeX\tex/generic/pgfplots\pgfplots.scaling.code.tex) (C:\Users\joost\AppData\Local\Programs\MiKTeX\tex/generic/pgfplots\pgfplotscoordprocessing.code.tex) (C:\Users\joost\AppData\Local\Programs\MiKTeX\tex/generic/pgfplots\pgfplots.errorbars.code.tex) (C:\Users\joost\AppData\Local\Programs\MiKTeX\tex/generic/pgfplots\pgfplots.markers.code.tex) (C:\Users\joost\AppData\Local\Programs\MiKTeX\tex/generic/pgfplots\pgfplotsticks.code.tex) (C:\Users\joost\AppData\Local\Programs\MiKTeX\tex/generic/pgfplots\pgfplots.paths.code.tex) (C:\Users\joost\AppData\Local\Programs\MiKTeX\tex/generic/pgf/frontendlayer/tikz/libraries\tikzlibrarydecorations.code.tex (C:\Users\joost\AppData\Local\Programs\MiKTeX\tex/generic/pgf/modules\pgfmoduledecorations.code.tex
\pgfdecoratedcompleteddistance=\dimen344
\pgfdecoratedremainingdistance=\dimen345
\pgfdecoratedinputsegmentcompleteddistance=\dimen346
\pgfdecoratedinputsegmentremainingdistance=\dimen347
\pgf@decorate@distancetomove=\dimen348
\pgf@decorate@repeatstate=\count521
\pgfdecorationsegmentamplitude=\dimen349
\pgfdecorationsegmentlength=\dimen350
)
\tikz@lib@dec@box=\box132
) (C:\Users\joost\AppData\Local\Programs\MiKTeX\tex/generic/pgf/frontendlayer/tikz/libraries\tikzlibrarydecorations.pathmorphing.code.tex (C:\Users\joost\AppData\Local\Programs\MiKTeX\tex/generic/pgf/libraries/decorations\pgflibrarydecorations.pathmorphing.code.tex)) (C:\Users\joost\AppData\Local\Programs\MiKTeX\tex/generic/pgf/frontendlayer/tikz/libraries\tikzlibrarydecorations.pathreplacing.code.tex (C:\Users\joost\AppData\Local\Programs\MiKTeX\tex/generic/pgf/libraries/decorations\pgflibrarydecorations.pathreplacing.code.tex)) (C:\Users\joost\AppData\Local\Programs\MiKTeX\tex/generic/pgfplots/libs\tikzlibrarypgfplots.contourlua.code.tex)
\pgfplots@numplots=\count522
\pgfplots@xmin@reg=\dimen351
\pgfplots@xmax@reg=\dimen352
\pgfplots@ymin@reg=\dimen353
\pgfplots@ymax@reg=\dimen354
\pgfplots@zmin@reg=\dimen355
\pgfplots@zmax@reg=\dimen356
) (C:\Users\joost\AppData\Local\Programs\MiKTeX\tex/generic/pgf/frontendlayer/tikz/libraries\tikzlibraryplotmarks.code.tex
File: tikzlibraryplotmarks.code.tex 2023-01-15 v3.1.10 (3.1.10)
 (C:\Users\joost\AppData\Local\Programs\MiKTeX\tex/generic/pgf/libraries\pgflibraryplotmarks.code.tex
File: pgflibraryplotmarks.code.tex 2023-01-15 v3.1.10 (3.1.10)
)))
\@quotelevel=\count523
\@quotereset=\count524
 (full.aux)
\openout1 = `full.aux'.

LaTeX Font Info:    Checking defaults for OML/cmm/m/it on input line 78.
LaTeX Font Info:    ... okay on input line 78.
LaTeX Font Info:    Checking defaults for OMS/cmsy/m/n on input line 78.
LaTeX Font Info:    ... okay on input line 78.
LaTeX Font Info:    Checking defaults for OT1/cmr/m/n on input line 78.
LaTeX Font Info:    ... okay on input line 78.
LaTeX Font Info:    Checking defaults for T1/cmr/m/n on input line 78.
LaTeX Font Info:    ... okay on input line 78.
LaTeX Font Info:    Checking defaults for TS1/cmr/m/n on input line 78.
LaTeX Font Info:    ... okay on input line 78.
LaTeX Font Info:    Checking defaults for OMX/cmex/m/n on input line 78.
LaTeX Font Info:    ... okay on input line 78.
LaTeX Font Info:    Checking defaults for U/cmr/m/n on input line 78.
LaTeX Font Info:    ... okay on input line 78.
 (C:\Users\joost\AppData\Local\Programs\MiKTeX\tex/context/base/mkii\supp-pdf.mkii
[Loading MPS to PDF converter (version 2006.09.02).]
\scratchcounter=\count525
\scratchdimen=\dimen357
\scratchbox=\box133
\nofMPsegments=\count526
\nofMParguments=\count527
\everyMPshowfont=\toks57
\MPscratchCnt=\count528
\MPscratchDim=\dimen358
\MPnumerator=\count529
\makeMPintoPDFobject=\count530
\everyMPtoPDFconversion=\toks58
) (C:\Users\joost\AppData\Local\Programs\MiKTeX\tex/latex/epstopdf-pkg\epstopdf-base.sty
Package: epstopdf-base 2020-01-24 v2.11 Base part for package epstopdf
Package epstopdf-base Info: Redefining graphics rule for `.eps' on input line 485.
 (C:\Users\joost\AppData\Local\Programs\MiKTeX\tex/latex/00miktex\epstopdf-sys.cfg
File: epstopdf-sys.cfg 2021/03/18 v2.0 Configuration of epstopdf for MiKTeX
))
*geometry* driver: auto-detecting
*geometry* detected driver: pdftex
*geometry* verbose mode - [ preamble ] result:
* driver: pdftex
* paper: a4paper
* layout: <same size as paper>
* layoutoffset:(h,v)=(0.0pt,0.0pt)
* modes: 
* h-part:(L,W,R)=(63.87643pt, 469.75499pt, 63.87645pt)
* v-part:(T,H,B)=(60.50174pt, 693.79243pt, 90.75267pt)
* \paperwidth=597.50787pt
* \paperheight=845.04684pt
* \textwidth=469.75499pt
* \textheight=693.79243pt
* \oddsidemargin=-8.39355pt
* \evensidemargin=-8.39355pt
* \topmargin=-48.76825pt
* \headheight=12.0pt
* \headsep=25.0pt
* \topskip=12.0pt
* \footskip=30.0pt
* \marginparwidth=44.0pt
* \marginparsep=10.0pt
* \columnsep=10.0pt
* \skip\footins=10.8pt plus 4.0pt minus 2.0pt
* \hoffset=0.0pt
* \voffset=0.0pt
* \mag=1000
* \@twocolumnfalse
* \@twosidefalse
* \@mparswitchfalse
* \@reversemarginfalse
* (1in=72.27pt=25.4mm, 1cm=28.453pt)

Package biblatex Info: Trying to load language 'english' -> 'english-apa'...
Package biblatex Info: ... file 'english-apa.lbx' found.
(C:\Users\joost\AppData\Local\Programs\MiKTeX\tex/latex/biblatex-apa\english-apa.lbx
File: english-apa.lbx 2023/03/20 v9.17 APA biblatex localisation
Package biblatex Info: Trying to load language 'english'...
Package biblatex Info: ... file 'english.lbx' found.
 (C:\Users\joost\AppData\Local\Programs\MiKTeX\tex/latex/biblatex/lbx\english.lbx
File: english.lbx 2024/03/21 v3.20 biblatex localization (PK/MW)
)
Package biblatex Info: Trying to load language 'american' -> 'american-apa'...
Package biblatex Info: ... file 'american-apa.lbx' found.
 (C:\Users\joost\AppData\Local\Programs\MiKTeX\tex/latex/biblatex-apa\american-apa.lbx
File: american-apa.lbx 2023/03/20 v9.17 APA biblatex localisation
Package biblatex Info: Trying to load language 'american'...
Package biblatex Info: ... file 'american.lbx' found.
 (C:\Users\joost\AppData\Local\Programs\MiKTeX\tex/latex/biblatex/lbx\american.lbx
File: american.lbx 2024/03/21 v3.20 biblatex localization (PK/MW)
Package biblatex Info: Trying to load language 'english'...
Package biblatex Info: ... file 'english.lbx' found.
 (C:\Users\joost\AppData\Local\Programs\MiKTeX\tex/latex/biblatex/lbx\english.lbx
File: english.lbx 2024/03/21 v3.20 biblatex localization (PK/MW)
))))
Package biblatex Info: Input encoding 'utf8' detected.
Package biblatex Info: Automatic encoding selection.
(biblatex)             Assuming data encoding 'utf8'.
\openout4 = `full.bcf'.

Package biblatex Info: Trying to load bibliographic data...
Package biblatex Info: ... file 'full.bbl' found.
 (full.bbl)
Package biblatex Info: Reference section=0 on input line 78.
Package biblatex Info: Reference segment=0 on input line 78.
Package caption Info: Begin \AtBeginDocument code.
Package caption Info: subfig package v1.3 is loaded.
Package caption Info: listings package is loaded.
Package caption Info: End \AtBeginDocument code.
 (C:\Users\joost\AppData\Local\Programs\MiKTeX\tex/latex/base\textcomp.sty
Package: textcomp 2024/04/24 v2.1b Standard LaTeX package
)
\c@lstlisting=\count531


Package pgfplots Warning: running in backwards compatibility mode (unsuitable tick labels; missing features). Consider writing \pgfplotsset{compat=1.18} into your preamble.
 on input line 78.

d:/GitHub/PWS-latex/full.tex:80: Extra alignment tab has been changed to \cr.
<recently read> \endtemplate 
                             
l.80 \maketitle
               
You have given more \span or & marks than there were
in the preamble to the \halign or \valign now in progress.
So I'll assume that you meant to type \cr instead.



[1

{C:/Users/joost/AppData/Local/MiKTeX/fonts/map/pdftex/pdftex.map}]
No file full.toc.
\tf@toc=\write6
\openout6 = `full.toc'.



[2]

LaTeX Font Warning: Font shape `OT1/cmr/bx/n' in size <30> not available
(Font)              size <24.88> substituted on input line 92.


Underfull \hbox (badness 10000) in paragraph at lines 115--115
[]|\OT1/cmr/bx/n/12 Kunnen toet-sen au-
 []


Underfull \hbox (badness 10000) in paragraph at lines 115--115
[]|\OT1/cmr/bx/n/12 Kunnen antwo-or-den
 []


Underfull \hbox (badness 10000) in paragraph at lines 115--115
\OT1/cmr/bx/n/12 nagekeken wor-den
 []


Underfull \hbox (badness 6510) in paragraph at lines 115--115
[]|\OT1/cmr/bx/n/12 Staan do-cen-ten open
 []


Underfull \hbox (badness 10000) in paragraph at lines 101--116

 []



[3]
Underfull \hbox (badness 10000) in paragraph at lines 125--127

 []


Underfull \hbox (badness 10000) in paragraph at lines 131--132
[]\OT1/cmr/m/n/12 Computerprogramma's die ge-bruik-
 []


Underfull \hbox (badness 5893) in paragraph at lines 131--132
\OT1/cmr/m/n/12 ge-trainde transformer-modellen en grote
 []


Underfull \hbox (badness 6173) in paragraph at lines 148--149
\OT1/cmr/m/n/12 nog meer denken. Wij denken
 []



[4]
Underfull \hbox (badness 10000) in paragraph at lines 157--165

 []


Underfull \hbox (badness 10000) in paragraph at lines 157--165

 []


Underfull \hbox (badness 10000) in paragraph at lines 157--165

 []

d:/GitHub/PWS-latex/full.tex:169: Missing number, treated as zero.
<to be read again> 
                   \relax 
l.169 \begin{tabularx}{}
                        {@{}ll}
A number should have been here; I inserted `0'.
(If you can't figure out why I needed to see a number,
look up `weird error' in the index to The TeXbook.)

d:/GitHub/PWS-latex/full.tex:169: Illegal unit of measure (pt inserted).
<to be read again> 
                   \relax 
l.169 \begin{tabularx}{}
                        {@{}ll}
Dimensions can be in units of em, ex, in, pt, pc,
cm, mm, dd, cc, nd, nc, bp, or sp; but yours is a new one!
I'll assume that you meant to say pt, for printer's points.
To recover gracefully from this error, it's best to
delete the erroneous units; e.g., type `2' to delete
two letters. (See Chapter 27 of The TeXbook.)


Package tabularx Warning: X Columns too narrow (table too wide)
(tabularx)                 on input line 184.


Overfull \hbox (299.36746pt too wide) in alignment at lines 184--184
[][] 
 []


Underfull \hbox (badness 10000) in paragraph at lines 187--192

 []


Underfull \hbox (badness 10000) in paragraph at lines 187--192

 []

[5]
Underfull \hbox (badness 1019) in paragraph at lines 219--219
[]|\OT1/cmr/m/n/12 Gemodificeerd HAL-toetsblaadje met
 []


Underfull \hbox (badness 2326) in paragraph at lines 219--219
[]|\OT1/cmr/m/n/12 Toetsblaadje met qr-codes rond de
 []


Underfull \hbox (badness 2799) in paragraph at lines 219--219
[]|$\OMS/cmsy/m/n/12 ^^O$ \OT1/cmr/m/n/12 Ge-bruik code om vierkan-t-jes te
 []



[6]
<./images/methoden/inscannen/croppen/crop_input.png, id=29, 2273.04pt x 4039.2pt>
File: ./images/methoden/inscannen/croppen/crop_input.png Graphic file (type png)
<use ./images/methoden/inscannen/croppen/crop_input.png>
Package pdftex.def Info: ./images/methoden/inscannen/croppen/crop_input.png  used on input line 238.
(pdftex.def)             Requested size: 140.92792pt x 250.41548pt.
<./images/methoden/inscannen/croppen/crop_bw.png, id=30, 282.05376pt x 501.875pt>
File: ./images/methoden/inscannen/croppen/crop_bw.png Graphic file (type png)
<use ./images/methoden/inscannen/croppen/crop_bw.png>
Package pdftex.def Info: ./images/methoden/inscannen/croppen/crop_bw.png  used on input line 242.
(pdftex.def)             Requested size: 140.92792pt x 250.76074pt.
<./images/methoden/inscannen/croppen/crop_gaussian.png, id=31, 282.05376pt x 501.875pt>
File: ./images/methoden/inscannen/croppen/crop_gaussian.png Graphic file (type png)
<use ./images/methoden/inscannen/croppen/crop_gaussian.png>
Package pdftex.def Info: ./images/methoden/inscannen/croppen/crop_gaussian.png  used on input line 247.
(pdftex.def)             Requested size: 140.92792pt x 250.76074pt.
<./images/methoden/inscannen/croppen/crop_canny.png, id=32, 282.05376pt x 501.875pt>
File: ./images/methoden/inscannen/croppen/crop_canny.png Graphic file (type png)
<use ./images/methoden/inscannen/croppen/crop_canny.png>
Package pdftex.def Info: ./images/methoden/inscannen/croppen/crop_canny.png  used on input line 251.
(pdftex.def)             Requested size: 140.92792pt x 250.76074pt.
<./images/methoden/inscannen/croppen/crop_output.png, id=33, 1916.15875pt x 2246.3925pt>
File: ./images/methoden/inscannen/croppen/crop_output.png Graphic file (type png)
<use ./images/methoden/inscannen/croppen/crop_output.png>
Package pdftex.def Info: ./images/methoden/inscannen/croppen/crop_output.png  used on input line 255.
(pdftex.def)             Requested size: 140.92792pt x 165.21584pt.


Package longtable Warning: Column widths have changed
(longtable)                in table 1 on input line 258.

[7 <./images/methoden/inscannen/croppen/crop_input.png> <./images/methoden/inscannen/croppen/crop_bw.png (PNG copy)>]
<./images/methoden/inscannen/preprocessing/pre_red_pen.png, id=38, 2113.8975pt x 1425.325pt>
File: ./images/methoden/inscannen/preprocessing/pre_red_pen.png Graphic file (type png)
<use ./images/methoden/inscannen/preprocessing/pre_red_pen.png>
Package pdftex.def Info: ./images/methoden/inscannen/preprocessing/pre_red_pen.png  used on input line 264.
(pdftex.def)             Requested size: 469.75499pt x 316.72603pt.


[8 <./images/methoden/inscannen/croppen/crop_gaussian.png (PNG copy)> <./images/methoden/inscannen/croppen/crop_canny.png (PNG copy)> <./images/methoden/inscannen/croppen/crop_output.png (PNG copy)>]

[9 <./images/methoden/inscannen/preprocessing/pre_red_pen.png>]
<./images/methoden/inscannen/sectie/hand/handgeschreven.png, id=47, 365.365pt x 513.92pt>
File: ./images/methoden/inscannen/sectie/hand/handgeschreven.png Graphic file (type png)
<use ./images/methoden/inscannen/sectie/hand/handgeschreven.png>
Package pdftex.def Info: ./images/methoden/inscannen/sectie/hand/handgeschreven.png  used on input line 276.
(pdftex.def)             Requested size: 229.87749pt x 323.34784pt.
<./images/methoden/inscannen/sectie/hand/kant_google.png, id=48, 68.255pt x 513.92pt>
File: ./images/methoden/inscannen/sectie/hand/kant_google.png Graphic file (type png)
<use ./images/methoden/inscannen/sectie/hand/kant_google.png>
Package pdftex.def Info: ./images/methoden/inscannen/sectie/hand/kant_google.png  used on input line 283.
(pdftex.def)             Requested size: 37.78926pt x 284.52756pt.
<./images/methoden/inscannen/sectie/hand/kant_microsoft.png, id=49, 65.24374pt x 513.92pt>
File: ./images/methoden/inscannen/sectie/hand/kant_microsoft.png Graphic file (type png)
<use ./images/methoden/inscannen/sectie/hand/kant_microsoft.png>
Package pdftex.def Info: ./images/methoden/inscannen/sectie/hand/kant_microsoft.png  used on input line 285.
(pdftex.def)             Requested size: 36.12209pt x 284.52756pt.
<./images/methoden/inscannen/sectie/hand/google.png, id=50, 358.33875pt x 513.92pt>
File: ./images/methoden/inscannen/sectie/hand/google.png Graphic file (type png)
<use ./images/methoden/inscannen/sectie/hand/google.png>
Package pdftex.def Info: ./images/methoden/inscannen/sectie/hand/google.png  used on input line 292.
(pdftex.def)             Requested size: 229.87749pt x 329.69185pt.
<./images/methoden/inscannen/sectie/hand/section.png, id=51, 365.365pt x 513.92pt>
File: ./images/methoden/inscannen/sectie/hand/section.png Graphic file (type png)
<use ./images/methoden/inscannen/sectie/hand/section.png>
Package pdftex.def Info: ./images/methoden/inscannen/sectie/hand/section.png  used on input line 298.
(pdftex.def)             Requested size: 229.87749pt x 323.34784pt.


Package multicol Warning: Floats and marginpars not allowed inside `multicols' environment!.


Package multicol Warning: Floats and marginpars not allowed inside `multicols' environment!.


Package multicol Warning: Floats and marginpars not allowed inside `multicols' environment!.


Package multicol Warning: Floats and marginpars not allowed inside `multicols' environment!.



[10 <./images/methoden/inscannen/sectie/hand/handgeschreven.png> <./images/methoden/inscannen/sectie/hand/kant_google.png> <./images/methoden/inscannen/sectie/hand/kant_microsoft.png>]

d:/GitHub/PWS-latex/full.tex:308: LaTeX Error: There's no line here to end.

See the LaTeX manual or LaTeX Companion for explanation.
Type  H <return>  for immediate help.
 ...                                              
                                                  
l.308 \begin
            {multicols}{2}
Your command was ignored.
Type  I <command> <return>  to replace it with another command,
or  <return>  to continue without it.

<./images/methoden/inscannen/sectie/checkbox/template.png, id=58, 758.08218pt x 392.21532pt>
File: ./images/methoden/inscannen/sectie/checkbox/template.png Graphic file (type png)
<use ./images/methoden/inscannen/sectie/checkbox/template.png>
Package pdftex.def Info: ./images/methoden/inscannen/sectie/checkbox/template.png  used on input line 313.
(pdftex.def)             Requested size: 229.87749pt x 118.92827pt.

Underfull \hbox (badness 10000) in paragraph at lines 321--324

 []

<./images/methoden/inscannen/sectie/checkbox/hoogte/input.png, id=59, 612.8496pt x 844.1136pt>
File: ./images/methoden/inscannen/sectie/checkbox/hoogte/input.png Graphic file (type png)
<use ./images/methoden/inscannen/sectie/checkbox/hoogte/input.png>
Package pdftex.def Info: ./images/methoden/inscannen/sectie/checkbox/hoogte/input.png  used on input line 336.
(pdftex.def)             Requested size: 176.15811pt x 242.62282pt.
<./images/methoden/inscannen/sectie/checkbox/hoogte/code-binary.png, id=60, 1041.8925pt x 509.905pt>
File: ./images/methoden/inscannen/sectie/checkbox/hoogte/code-binary.png Graphic file (type png)
<use ./images/methoden/inscannen/sectie/checkbox/hoogte/code-binary.png>
Package pdftex.def Info: ./images/methoden/inscannen/sectie/checkbox/hoogte/code-binary.png  used on input line 341.
(pdftex.def)             Requested size: 176.15811pt x 86.20808pt.
<./images/methoden/inscannen/sectie/checkbox/hoogte/binary.png, id=61, 851.18pt x 1172.38pt>
File: ./images/methoden/inscannen/sectie/checkbox/hoogte/binary.png Graphic file (type png)
<use ./images/methoden/inscannen/sectie/checkbox/hoogte/binary.png>
Package pdftex.def Info: ./images/methoden/inscannen/sectie/checkbox/hoogte/binary.png  used on input line 343.
(pdftex.def)             Requested size: 176.15811pt x 242.62926pt.
<./images/methoden/inscannen/sectie/checkbox/hoogte/code-contour.png, id=62, 1041.8925pt x 395.4775pt>
File: ./images/methoden/inscannen/sectie/checkbox/hoogte/code-contour.png Graphic file (type png)
<use ./images/methoden/inscannen/sectie/checkbox/hoogte/code-contour.png>
Package pdftex.def Info: ./images/methoden/inscannen/sectie/checkbox/hoogte/code-contour.png  used on input line 347.
(pdftex.def)             Requested size: 176.15811pt x 66.86217pt.
<./images/methoden/inscannen/sectie/checkbox/hoogte/countour.png, id=63, 851.18pt x 1172.38pt>
File: ./images/methoden/inscannen/sectie/checkbox/hoogte/countour.png Graphic file (type png)
<use ./images/methoden/inscannen/sectie/checkbox/hoogte/countour.png>
Package pdftex.def Info: ./images/methoden/inscannen/sectie/checkbox/hoogte/countour.png  used on input line 349.
(pdftex.def)             Requested size: 176.15811pt x 242.62926pt.
<./images/methoden/inscannen/sectie/checkbox/hoogte/code-contour-filter.png, id=64, 1041.8925pt x 1577.895pt>
File: ./images/methoden/inscannen/sectie/checkbox/hoogte/code-contour-filter.png Graphic file (type png)
<use ./images/methoden/inscannen/sectie/checkbox/hoogte/code-contour-filter.png>
Package pdftex.def Info: ./images/methoden/inscannen/sectie/checkbox/hoogte/code-contour-filter.png  used on input line 353.
(pdftex.def)             Requested size: 176.15811pt x 266.76993pt.
<./images/methoden/inscannen/sectie/checkbox/hoogte/contour-filtered.png, id=65, 851.18pt x 1172.38pt>
File: ./images/methoden/inscannen/sectie/checkbox/hoogte/contour-filtered.png Graphic file (type png)
<use ./images/methoden/inscannen/sectie/checkbox/hoogte/contour-filtered.png>
Package pdftex.def Info: ./images/methoden/inscannen/sectie/checkbox/hoogte/contour-filtered.png  used on input line 355.
(pdftex.def)             Requested size: 176.15811pt x 242.62926pt.

Overfull \hbox (30.79996pt too wide) in alignment at lines 332--359
 [] [] [] 
 []


Package longtable Warning: Column widths have changed
(longtable)                in table 2 on input line 359.

[11 <./images/methoden/inscannen/sectie/checkbox/template.png> <./images/methoden/inscannen/sectie/checkbox/hoogte/input.png>] [12 <./images/methoden/inscannen/sectie/checkbox/hoogte/code-binary.png> <./images/methoden/inscannen/sectie/checkbox/hoogte/binary.png (PNG copy)> <./images/methoden/inscannen/sectie/checkbox/hoogte/code-contour.png> <./images/methoden/inscannen/sectie/checkbox/hoogte/countour.png (PNG copy)>]
Underfull \hbox (badness 10000) in paragraph at lines 363--369
\OT1/cmr/m/n/12 (y,hoogte,x,meest linker co-or-di-naat van
 []


Underfull \hbox (badness 10000) in paragraph at lines 363--369

 []

d:/GitHub/PWS-latex/full.tex:375: FancyVerb Error:
  Extraneous input `,' between \begin{minted}[<key=value>] and line end
.
\FV@Error ... {FancyVerb Error:
\space \space #1
}
                                                  
l.375                    tabsize=4]{js},
                                        
This input will be discarded. Hit <return> to continue.

\pydata@fh@_E9DC924F238FA6CC29465942875FE8F0.data.minted=\write7
\openout7 = `_E9DC924F238FA6CC29465942875FE8F0.data.minted'.

runsystem(latexminted config  --timestamp 20241209211315 E9DC924F238FA6CC29465942875FE8F0)...disabled (restricted).


d:/GitHub/PWS-latex/full.tex:385: Package minted Error: minted v3+ executable is not installed, is not added to PATH, or is not permitted with restricted shell escape; or MiKTeX is being used with -aux-directory or -output-directory without setting a TEXMF_OUTPUT_DIRECTORY environment variable.

See the minted package documentation for explanation.
Type  H <return>  for immediate help.
 ...                                              
                                                  
l.385     \end{minted}
                      
This error message was generated by an \errmessage
command, so I can't give any explicit help.
Pretend that you're Hercule Poirot: Examine all clues,
and deduce the truth by order and method.


d:/GitHub/PWS-latex/full.tex:385: Package minted Error: Missing definition for highlighting style "default" (minted executable is unavailable or disabled); attempting to substitute fallback style.

See the minted package documentation for explanation.
Type  H <return>  for immediate help.
 ...                                              
                                                  
l.385     \end{minted}
                      
(That was another \errmessage.)


d:/GitHub/PWS-latex/full.tex:385: Package minted Error: Cannot highlight code (minted executable is unavailable or disabled); attempting to typeset without highlighting.

See the minted package documentation for explanation.
Type  H <return>  for immediate help.
 ...                                              
                                                  
l.385     \end{minted}
                      
(That was another \errmessage.)


d:/GitHub/PWS-latex/full.tex:389: LaTeX Error: There's no line here to end.

See the LaTeX manual or LaTeX Companion for explanation.
Type  H <return>  for immediate help.
 ...                                              
                                                  
l.389 \end
          {multicols}
Your command was ignored.
Type  I <command> <return>  to replace it with another command,
or  <return>  to continue without it.



[13 <./images/methoden/inscannen/sectie/checkbox/hoogte/code-contour-filter.png> <./images/methoden/inscannen/sectie/checkbox/hoogte/contour-filtered.png (PNG copy)>]
<./images/methoden/inscannen/sectie/checkbox/vraagnummer/answer_section.png, id=82, 64.24pt x 138.5175pt>
File: ./images/methoden/inscannen/sectie/checkbox/vraagnummer/answer_section.png Graphic file (type png)
<use ./images/methoden/inscannen/sectie/checkbox/vraagnummer/answer_section.png>
Package pdftex.def Info: ./images/methoden/inscannen/sectie/checkbox/vraagnummer/answer_section.png  used on input line 397.
(pdftex.def)             Requested size: 45.9748pt x 99.13435pt.

d:/GitHub/PWS-latex/full.tex:407: FancyVerb Error:
  Extraneous input `,' between \begin{minted}[<key=value>] and line end
.
\FV@Error ... {FancyVerb Error:
\space \space #1
}
                                                  
l.407                tabsize=2]{js},
                                    
This input will be discarded. Hit <return> to continue.


d:/GitHub/PWS-latex/full.tex:422: Package minted Error: Cannot highlight code (minted executable is unavailable or disabled); attempting to typeset without highlighting.

See the minted package documentation for explanation.
Type  H <return>  for immediate help.
 ...                                              
                                                  
l.422 \end{minted}
                  
(That was another \errmessage.)


d:/GitHub/PWS-latex/full.tex:426: LaTeX Error: There's no line here to end.

See the LaTeX manual or LaTeX Companion for explanation.
Type  H <return>  for immediate help.
 ...                                              
                                                  
l.426 H
       et probleem is dat de confidence bij elke individuele checkbox heel h...
Your command was ignored.
Type  I <command> <return>  to replace it with another command,
or  <return>  to continue without it.

<./images/methoden/inscannen/sectie/checkbox/vraagnummer/section_selection_input.png, id=83, 55.20625pt x 140.525pt>
File: ./images/methoden/inscannen/sectie/checkbox/vraagnummer/section_selection_input.png Graphic file (type png)
<use ./images/methoden/inscannen/sectie/checkbox/vraagnummer/section_selection_input.png>
Package pdftex.def Info: ./images/methoden/inscannen/sectie/checkbox/vraagnummer/section_selection_input.png  used on input line 433.
(pdftex.def)             Requested size: 75.85999pt x 193.10773pt.

Underfull \hbox (badness 10000) in paragraph at lines 426--436

 []

<./images/methoden/inscannen/sectie/checkbox/vraagnummer/code-question-selector-format.png, id=84, 1041.8925pt x 662.475pt>
File: ./images/methoden/inscannen/sectie/checkbox/vraagnummer/code-question-selector-format.png Graphic file (type png)
<use ./images/methoden/inscannen/sectie/checkbox/vraagnummer/code-question-selector-format.png>
Package pdftex.def Info: ./images/methoden/inscannen/sectie/checkbox/vraagnummer/code-question-selector-format.png  used on input line 439.
(pdftex.def)             Requested size: 229.87749pt x 146.1594pt.
d:/GitHub/PWS-latex/full.tex:445: Missing number, treated as zero.
<to be read again> 
                   \protect 
l.445 \parindent \textit
                        {You'll get a picture of checkboxes that a student u...
A number should have been here; I inserted `0'.
(If you can't figure out why I needed to see a number,
look up `weird error' in the index to The TeXbook.)

d:/GitHub/PWS-latex/full.tex:445: Illegal unit of measure (pt inserted).
<to be read again> 
                   \protect 
l.445 \parindent \textit
                        {You'll get a picture of checkboxes that a student u...
Dimensions can be in units of em, ex, in, pt, pc,
cm, mm, dd, cc, nd, nc, bp, or sp; but yours is a new one!
I'll assume that you meant to say pt, for printer's points.
To recover gracefully from this error, it's best to
delete the erroneous units; e.g., type `2' to delete
two letters. (See Chapter 27 of The TeXbook.)



[14 <./images/methoden/inscannen/sectie/checkbox/vraagnummer/answer_section.png> <./images/methoden/inscannen/sectie/checkbox/vraagnummer/section_selection_input.png (PNG copy)> <./images/methoden/inscannen/sectie/checkbox/vraagnummer/code-question-selector-format.png>]

d:/GitHub/PWS-latex/full.tex:475: Package minted Error: Cannot highlight code (minted executable is unavailable or disabled); attempting to typeset without highlighting.

See the minted package documentation for explanation.
Type  H <return>  for immediate help.
 ...                                              
                                                  
l.475         \end{minted}
                          
(That was another \errmessage.)



[15]

d:/GitHub/PWS-latex/full.tex:537: Package minted Error: Cannot highlight code (minted executable is unavailable or disabled); attempting to typeset without highlighting.

See the minted package documentation for explanation.
Type  H <return>  for immediate help.
 ...                                              
                                                  
l.537 \end{minted}
                  
(That was another \errmessage.)



[16]
Underfull \hbox (badness 10000) in paragraph at lines 547--548

 []


Underfull \hbox (badness 10000) in paragraph at lines 553--556

 []


d:/GitHub/PWS-latex/full.tex:563: LaTeX Error: There's no line here to end.

See the LaTeX manual or LaTeX Companion for explanation.
Type  H <return>  for immediate help.
 ...                                              
                                                  
l.563 4
        verschillende temperaturen getest:
Your command was ignored.
Type  I <command> <return>  to replace it with another command,
or  <return>  to continue without it.



[17]
<./images/methoden/inscannen/tekst/kort_leesbaar.png, id=100, 745.78625pt x 137.51375pt>
File: ./images/methoden/inscannen/tekst/kort_leesbaar.png Graphic file (type png)
<use ./images/methoden/inscannen/tekst/kort_leesbaar.png>
Package pdftex.def Info: ./images/methoden/inscannen/tekst/kort_leesbaar.png  used on input line 576.
(pdftex.def)             Requested size: 229.87749pt x 42.3854pt.
<./images/methoden/inscannen/tekst/kort_leesbaar_uitgekrast.png, id=101, 745.78625pt x 138.5175pt>
File: ./images/methoden/inscannen/tekst/kort_leesbaar_uitgekrast.png Graphic file (type png)
<use ./images/methoden/inscannen/tekst/kort_leesbaar_uitgekrast.png>
Package pdftex.def Info: ./images/methoden/inscannen/tekst/kort_leesbaar_uitgekrast.png  used on input line 584.
(pdftex.def)             Requested size: 229.87749pt x 42.6948pt.
<./images/methoden/inscannen/tekst/kort_onleesbaar.png, id=102, 745.78625pt x 137.51375pt>
File: ./images/methoden/inscannen/tekst/kort_onleesbaar.png Graphic file (type png)
<use ./images/methoden/inscannen/tekst/kort_onleesbaar.png>
Package pdftex.def Info: ./images/methoden/inscannen/tekst/kort_onleesbaar.png  used on input line 593.
(pdftex.def)             Requested size: 229.87749pt x 42.3854pt.
<./images/methoden/inscannen/tekst/slecht_leesbaar_pijlen.png, id=103, 745.78625pt x 136.51pt>
File: ./images/methoden/inscannen/tekst/slecht_leesbaar_pijlen.png Graphic file (type png)
<use ./images/methoden/inscannen/tekst/slecht_leesbaar_pijlen.png>
Package pdftex.def Info: ./images/methoden/inscannen/tekst/slecht_leesbaar_pijlen.png  used on input line 601.
(pdftex.def)             Requested size: 229.87749pt x 42.07603pt.
<./images/methoden/inscannen/tekst/gekreukeld_netjes.png, id=104, 1461.04608pt x 338.2534pt>
File: ./images/methoden/inscannen/tekst/gekreukeld_netjes.png Graphic file (type png)
<use ./images/methoden/inscannen/tekst/gekreukeld_netjes.png>
Package pdftex.def Info: ./images/methoden/inscannen/tekst/gekreukeld_netjes.png  used on input line 610.
(pdftex.def)             Requested size: 229.87749pt x 53.21841pt.
<./images/methoden/inscannen/tekst/gekreukeld_met_pijlen.png, id=105, 1563.11815pt x 343.46877pt>
File: ./images/methoden/inscannen/tekst/gekreukeld_met_pijlen.png Graphic file (type png)
<use ./images/methoden/inscannen/tekst/gekreukeld_met_pijlen.png>
Package pdftex.def Info: ./images/methoden/inscannen/tekst/gekreukeld_met_pijlen.png  used on input line 617.
(pdftex.def)             Requested size: 229.87749pt x 50.51183pt.


[18 <./images/methoden/inscannen/tekst/kort_leesbaar.png (PNG copy)> <./images/methoden/inscannen/tekst/kort_leesbaar_uitgekrast.png (PNG copy)> <./images/methoden/inscannen/tekst/kort_onleesbaar.png (PNG copy)> <./images/methoden/inscannen/tekst/slecht_leesbaar_pijlen.png (PNG copy)> <./images/methoden/inscannen/tekst/gekreukeld_netjes.png (PNG copy)> <./images/methoden/inscannen/tekst/gekreukeld_met_pijlen.png (PNG copy)>]
Underfull \hbox (badness 10000) in paragraph at lines 627--628

 []


Underfull \hbox (badness 10000) in paragraph at lines 629--630

 []


Underfull \hbox (badness 10000) in paragraph at lines 630--636

 []


Underfull \hbox (badness 10000) in paragraph at lines 636--638

 []


Underfull \hbox (badness 10000) in paragraph at lines 646--647

 []



[19]
Overfull \hbox (8.56717pt too wide) in paragraph at lines 675--677
[]\OT1/cmr/m/n/12 Dit geeft $\OT1/cmr/m/n/14.4 4[] \OMS/cmsy/m/n/14.4 ^^A \OT1/cmr/m/n/14.4 4[] \OMS/cmsy/m/n/14.4 ^^A \OT1/cmr/m/n/14.4 6[] \OMS/cmsy/m/n/14.4 ^^A \OT1/cmr/m/n/14.4 3[] \OMS/cmsy/m/n/14.4 ^^A \OT1/cmr/m/n/14.4 3[] \OMS/cmsy/m/n/14.4 ^^A
 []

d:/GitHub/PWS-latex/full.tex:681: Missing number, treated as zero.
<to be read again> 
                   \relax 
l.681 \begin{tabularx}{}
                        {@{}ll}
A number should have been here; I inserted `0'.
(If you can't figure out why I needed to see a number,
look up `weird error' in the index to The TeXbook.)

d:/GitHub/PWS-latex/full.tex:681: Illegal unit of measure (pt inserted).
<to be read again> 
                   \relax 
l.681 \begin{tabularx}{}
                        {@{}ll}
Dimensions can be in units of em, ex, in, pt, pc,
cm, mm, dd, cc, nd, nc, bp, or sp; but yours is a new one!
I'll assume that you meant to say pt, for printer's points.
To recover gracefully from this error, it's best to
delete the erroneous units; e.g., type `2' to delete
two letters. (See Chapter 27 of The TeXbook.)


Package tabularx Warning: X Columns too narrow (table too wide)
(tabularx)                 on input line 698.


Overfull \hbox (484.6322pt too wide) in alignment at lines 698--698
[][] 
 []



[20]
d:/GitHub/PWS-latex/full.tex:702: Missing number, treated as zero.
<to be read again> 
                   \relax 
l.702 \begin{tabularx}{}
                        {@{}ll}
A number should have been here; I inserted `0'.
(If you can't figure out why I needed to see a number,
look up `weird error' in the index to The TeXbook.)

d:/GitHub/PWS-latex/full.tex:702: Illegal unit of measure (pt inserted).
<to be read again> 
                   \relax 
l.702 \begin{tabularx}{}
                        {@{}ll}
Dimensions can be in units of em, ex, in, pt, pc,
cm, mm, dd, cc, nd, nc, bp, or sp; but yours is a new one!
I'll assume that you meant to say pt, for printer's points.
To recover gracefully from this error, it's best to
delete the erroneous units; e.g., type `2' to delete
two letters. (See Chapter 27 of The TeXbook.)


Package tabularx Warning: X Columns too narrow (table too wide)
(tabularx)                 on input line 720.


Overfull \hbox (505.81671pt too wide) in alignment at lines 720--720
[][] 
 []


Overfull \hbox (160.5841pt too wide) in alignment at lines 742--742
[][] 
 []


Overfull \hbox (36.79996pt too wide) in alignment at lines 757--759
 [] [] [] 
 []


Underfull \hbox (badness 10000) in paragraph at lines 764--764
[]|\OT1/cmr/m/n/12 kunnen fil-tr-eren op
 []


Underfull \hbox (badness 5331) in paragraph at lines 797--797
\OT1/cmr/m/n/12 doel moet zijn van
 []


Underfull \hbox (badness 10000) in paragraph at lines 806--807
[]\OT1/cmr/m/n/12 Oneerlijke of bevooro-ordeelde beo-
 []


Underfull \hbox (badness 10000) in paragraph at lines 810--810
[]|\OT1/cmr/m/n/12 weten waar we op
 []


Underfull \hbox (badness 10000) in paragraph at lines 810--810
\OT1/cmr/m/n/12 moeten fo-cussen en
 []


Underfull \hbox (badness 10000) in paragraph at lines 810--810
\OT1/cmr/m/n/12 wrten of bepaalde
 []


Underfull \hbox (badness 3646) in paragraph at lines 810--810
\OT1/cmr/m/n/12 prob-le-men een grote
 []


Underfull \hbox (badness 2393) in paragraph at lines 810--810
\OT1/cmr/m/n/12 ons pro-gramma voor
 []


Underfull \hbox (badness 6125) in paragraph at lines 826--829
[]\OT1/cmr/m/n/12 Een ob-jec-tief tar-get
 []


Underfull \hbox (badness 10000) in paragraph at lines 826--829
\OT1/cmr/m/n/12 pro-gramma kun-nen
 []


Underfull \hbox (badness 10000) in paragraph at lines 826--829
\OT1/cmr/m/n/12 of te streng naar
 []


Underfull \hbox (badness 1342) in paragraph at lines 836--836
\OT1/cmr/m/n/12 dat hier doen, miss-
 []


Overfull \hbox (36.79996pt too wide) in alignment at lines 759--837
 [] [] [] 
 []

[21] [22]

[23]
d:/GitHub/PWS-latex/full.tex:855: Misplaced alignment tab character &.
<argument> ...7p \\ Hoogachtend,\\ \\ Joost Koch &
                                                   Jonathan Wijker \end {min...
l.855 \end{minipage}}
                     
I can't figure out why you would want to use a tab mark
here. If you just want an ampersand, the remedy is
simple: Just type `I\&' now. But if some right brace
up above has ended a previous alignment prematurely,
you're probably due for more error messages, and you
might try typing `S' now just to see what is salvageable.


Underfull \hbox (badness 10000) in paragraph at lines 855--855

 []


Underfull \hbox (badness 6380) in paragraph at lines 855--855
\OT1/cmr/m/n/12 In het kader van ons profiel-w-erk-stuk,
 []


Underfull \hbox (badness 10000) in paragraph at lines 855--855

 []


Underfull \hbox (badness 10000) in paragraph at lines 855--855

 []

d:/GitHub/PWS-latex/full.tex:874: Misplaced alignment tab character &.
<argument> ...\\ \\ Hoogachtend,\\ \\ Joost Koch &
                                                   Jonathan Wijker \end {min...
l.874 \end{minipage}}
                     
I can't figure out why you would want to use a tab mark
here. If you just want an ampersand, the remedy is
simple: Just type `I\&' now. But if some right brace
up above has ended a previous alignment prematurely,
you're probably due for more error messages, and you
might try typing `S' now just to see what is salvageable.


Underfull \hbox (badness 10000) in paragraph at lines 874--874

 []


Underfull \hbox (badness 10000) in paragraph at lines 874--874

 []


Underfull \hbox (badness 10000) in paragraph at lines 874--874

 []


Underfull \hbox (badness 10000) in paragraph at lines 874--874

 []


Overfull \hbox (6.79999pt too wide) in paragraph at lines 841--881
[]
 []


Underfull \hbox (badness 10000) in paragraph at lines 841--881

 []


Underfull \hbox (badness 10000) in paragraph at lines 841--881

 []


Overfull \hbox (6.79999pt too wide) in paragraph at lines 841--881
[]
 []


Underfull \hbox (badness 10000) in paragraph at lines 841--881

 []



[24]
Underfull \hbox (badness 7963) in paragraph at lines 916--917
[]$\OML/cmm/m/it/12 s$\OT1/cmr/m/n/12 : de stan-daard-de-vi-atie van de
 []


Overfull \vbox (67.09573pt too high) has occurred while \output is active []


Overfull \vbox (67.09573pt too high) has occurred while \output is active []

 [25]

[26]
<./images/methoden/analyseren/ui/inlaad-pagina.png, id=142, 1445.4pt x 685.8122pt>
File: ./images/methoden/analyseren/ui/inlaad-pagina.png Graphic file (type png)
<use ./images/methoden/analyseren/ui/inlaad-pagina.png>
Package pdftex.def Info: ./images/methoden/analyseren/ui/inlaad-pagina.png  used on input line 977.
(pdftex.def)             Requested size: 229.87749pt x 109.06245pt.

Underfull \hbox (badness 10000) in paragraph at lines 973--980

 []


Underfull \hbox (badness 10000) in paragraph at lines 981--990

 []


Underfull \hbox (badness 10000) in paragraph at lines 981--990

 []


Underfull \hbox (badness 10000) in paragraph at lines 981--990

 []



[27 <./images/methoden/analyseren/ui/inlaad-pagina.png>]

[28]

[29]

Package longtable Warning: Table widths have changed. Rerun LaTeX.

(full.aux)
 ***********
LaTeX2e <2024-11-01>
L3 programming layer <2024-11-02>
 ***********


LaTeX Font Warning: Size substitutions with differences
(Font)              up to 5.12pt have occurred.


LaTeX Warning: There were undefined references.


LaTeX Warning: Label(s) may have changed. Rerun to get cross-references right.


Package biblatex Warning: Please (re)run Biber on the file:
(biblatex)                full
(biblatex)                and rerun LaTeX afterwards.

Package logreq Info: Writing requests to 'full.run.xml'.
\openout1 = `full.run.xml'.

 )
(\end occurred when \ifx on line 407 was incomplete)
(\end occurred when \ifx on line 375 was incomplete) 
Here is how much of TeX's memory you used:
 42116 strings out of 473681
 1019901 string characters out of 5719194
 2114623 words of memory out of 5000000
 64597 multiletter control sequences out of 15000+600000
 566593 words of font info for 66 fonts, out of 8000000 for 9000
 1141 hyphenation exceptions out of 8191
 99i,18n,133p,1201b,5183s stack positions out of 10000i,1000n,20000p,200000b,200000s
 <C:\Users\joost\AppData\Local\MiKTeX\fonts/pk/ljfour/jknappen/ec/dpi600\tcrm1200.pk><C:/Users/joost/AppData/Local/Programs/MiKTeX/fonts/type1/public/amsfonts/cm/cmbx12.pfb><C:/Users/joost/AppData/Local/Programs/MiKTeX/fonts/type1/public/amsfonts/cm/cmcsc10.pfb><C:/Users/joost/AppData/Local/Programs/MiKTeX/fonts/type1/public/amsfonts/cm/cmex10.pfb><C:/Users/joost/AppData/Local/Programs/MiKTeX/fonts/type1/public/amsfonts/cm/cmmi12.pfb><C:/Users/joost/AppData/Local/Programs/MiKTeX/fonts/type1/public/amsfonts/cm/cmmi6.pfb><C:/Users/joost/AppData/Local/Programs/MiKTeX/fonts/type1/public/amsfonts/cm/cmmi8.pfb><C:/Users/joost/AppData/Local/Programs/MiKTeX/fonts/type1/public/amsfonts/cm/cmr10.pfb><C:/Users/joost/AppData/Local/Programs/MiKTeX/fonts/type1/public/amsfonts/cm/cmr12.pfb><C:/Users/joost/AppData/Local/Programs/MiKTeX/fonts/type1/public/amsfonts/cm/cmr17.pfb><C:/Users/joost/AppData/Local/Programs/MiKTeX/fonts/type1/public/amsfonts/cm/cmr6.pfb><C:/Users/joost/AppData/Local/Programs/MiKTeX/fonts/type1/public/amsfonts/cm/cmr8.pfb><C:/Users/joost/AppData/Local/Programs/MiKTeX/fonts/type1/public/amsfonts/cm/cmsy10.pfb><C:/Users/joost/AppData/Local/Programs/MiKTeX/fonts/type1/public/amsfonts/cm/cmsy6.pfb><C:/Users/joost/AppData/Local/Programs/MiKTeX/fonts/type1/public/amsfonts/cm/cmsy8.pfb><C:/Users/joost/AppData/Local/Programs/MiKTeX/fonts/type1/public/amsfonts/cm/cmti12.pfb><C:/Users/joost/AppData/Local/Programs/MiKTeX/fonts/type1/public/amsfonts/cm/cmtt12.pfb><C:/Users/joost/AppData/Local/Programs/MiKTeX/fonts/type1/public/amsfonts/cm/cmtt8.pfb>
Output written on full.pdf (29 pages, 21602656 bytes).
PDF statistics:
 227 PDF objects out of 1000 (max. 8388607)
 0 named destinations out of 1000 (max. 500000)
 158 words of extra memory for PDF output out of 10000 (max. 10000000)

