\BOOKMARK [1][-]{section.1}{\376\377\000I\000n\000t\000r\000o\000d\000u\000c\000t\000i\000e}{}% 1
\BOOKMARK [2][-]{subsection.1.1}{\376\377\000A\000c\000h\000t\000e\000r\000g\000r\000o\000n\000d\000/\000D\000o\000e\000l\000s\000t\000e\000l\000l\000i\000n\000g}{section.1}% 2
\BOOKMARK [2][-]{subsection.1.2}{\376\377\000P\000r\000o\000b\000l\000e\000e\000m\000s\000t\000e\000l\000l\000i\000n\000g}{section.1}% 3
\BOOKMARK [1][-]{section.2}{\376\377\000H\000y\000p\000o\000t\000h\000e\000s\000e}{}% 4
\BOOKMARK [2][-]{subsection.2.1}{\376\377\000I\000n\000s\000c\000a\000n\000n\000e\000n}{section.2}% 5
\BOOKMARK [2][-]{subsection.2.2}{\376\377\000N\000a\000k\000i\000j\000k\000e\000n}{section.2}% 6
\BOOKMARK [2][-]{subsection.2.3}{\376\377\000A\000n\000a\000l\000y\000s\000e\000r\000e\000n}{section.2}% 7
\BOOKMARK [2][-]{subsection.2.4}{\376\377\000E\000n\000q\000u\000e\000t\000e}{section.2}% 8
\BOOKMARK [2][-]{subsection.2.5}{\376\377\000T\000o\000e\000t\000s}{section.2}% 9
\BOOKMARK [1][-]{section.3}{\376\377\000M\000e\000t\000h\000o\000d\000e}{}% 10
\BOOKMARK [2][-]{subsection.3.1}{\376\377\000O\000n\000d\000e\000r\000z\000o\000e\000k\000s\000o\000p\000z\000e\000t}{section.3}% 11
\BOOKMARK [2][-]{subsection.3.2}{\376\377\000M\000e\000t\000h\000o\000d\000e}{section.3}% 12
\BOOKMARK [3][-]{subsubsection.3.2.1}{\376\377\000I\000n\000s\000c\000a\000n\000n\000e\000n}{subsection.3.2}% 13
\BOOKMARK [3][-]{subsubsection.3.2.2}{\376\377\000N\000a\000k\000i\000j\000k\000e\000n}{subsection.3.2}% 14
\BOOKMARK [3][-]{subsubsection.3.2.3}{\376\377\000A\000n\000a\000l\000y\000s\000e\000r\000e\000n}{subsection.3.2}% 15
\BOOKMARK [3][-]{subsubsection.3.2.4}{\376\377\000E\000n\000q\000u\000e\000t\000e}{subsection.3.2}% 16
\BOOKMARK [3][-]{subsubsection.3.2.5}{\376\377\000T\000o\000e\000t\000s}{subsection.3.2}% 17
\BOOKMARK [1][-]{section.4}{\376\377\000R\000e\000s\000u\000l\000t\000a\000t\000e\000n}{}% 18
\BOOKMARK [2][-]{subsection.4.1}{\376\377\000I\000n\000s\000c\000a\000n\000n\000e\000n}{section.4}% 19
\BOOKMARK [2][-]{subsection.4.2}{\376\377\000N\000a\000k\000i\000j\000k\000e\000n}{section.4}% 20
\BOOKMARK [2][-]{subsection.4.3}{\376\377\000A\000n\000a\000l\000y\000s\000e\000r\000e\000n}{section.4}% 21
\BOOKMARK [2][-]{subsection.4.4}{\376\377\000E\000n\000q\000u\000\352\000t\000e}{section.4}% 22
\BOOKMARK [2][-]{subsection.4.5}{\376\377\000T\000o\000e\000t\000s}{section.4}% 23
\BOOKMARK [1][-]{section.5}{\376\377\000c\000o\000n\000c\000l\000u\000s\000i\000e}{}% 24
\BOOKMARK [2][-]{subsection.5.1}{\376\377\000I\000n\000s\000c\000a\000n\000n\000e\000n}{section.5}% 25
\BOOKMARK [2][-]{subsection.5.2}{\376\377\000N\000a\000k\000i\000j\000k\000e\000n}{section.5}% 26
\BOOKMARK [2][-]{subsection.5.3}{\376\377\000A\000n\000a\000l\000y\000s\000e\000r\000e\000n}{section.5}% 27
\BOOKMARK [2][-]{subsection.5.4}{\376\377\000E\000n\000q\000u\000e\000t\000e}{section.5}% 28
\BOOKMARK [2][-]{subsection.5.5}{\376\377\000T\000o\000e\000t\000s}{section.5}% 29
\BOOKMARK [1][-]{section.6}{\376\377\000D\000i\000s\000c\000u\000s\000s\000i\000e}{}% 30
\BOOKMARK [2][-]{subsection.6.1}{\376\377\000F\000o\000u\000t\000e\000n\000a\000n\000a\000l\000y\000s\000e}{section.6}% 31
\BOOKMARK [3][-]{subsubsection.6.1.1}{\376\377\000I\000n\000s\000c\000a\000n\000n\000e\000n}{subsection.6.1}% 32
\BOOKMARK [3][-]{subsubsection.6.1.2}{\376\377\000N\000a\000k\000i\000j\000k\000e\000n}{subsection.6.1}% 33
\BOOKMARK [3][-]{subsubsection.6.1.3}{\376\377\000A\000n\000a\000l\000y\000s\000e\000r\000e\000n}{subsection.6.1}% 34
\BOOKMARK [3][-]{subsubsection.6.1.4}{\376\377\000E\000n\000q\000u\000\352\000t\000e}{subsection.6.1}% 35
\BOOKMARK [3][-]{subsubsection.6.1.5}{\376\377\000T\000o\000e\000t\000s}{subsection.6.1}% 36
\BOOKMARK [2][-]{subsection.6.2}{\376\377\000v\000e\000r\000v\000o\000l\000g\000o\000n\000d\000e\000r\000z\000o\000e\000k}{section.6}% 37
\BOOKMARK [1][-]{section.7}{\376\377\000S\000a\000m\000e\000n\000v\000a\000t\000t\000i\000n\000g\000\040\000o\000n\000d\000e\000r\000z\000o\000e\000k}{}% 38
\BOOKMARK [1][-]{section.8}{\376\377\000R\000e\000f\000e\000r\000e\000n\000t\000i\000e\000s}{}% 39
\BOOKMARK [1][-]{section.9}{\376\377\000A\000p\000p\000e\000n\000d\000i\000x}{}% 40
\BOOKMARK [1][-]{section.10}{\376\377\000l\000o\000g\000b\000o\000e\000k}{}% 41
